Analyze with upper bound?[n]Build multiple models?[n]What's the threshold of p-value?[0.05]Allow Early Termination?[n]
range= 2674-2887, b/a= inf, sum=214
xmin= 42458.00000, xmax= inf, a= 2.714, KS=0.05517

range= 0-2674, b/a= 42458.00, sum=9162
xmin= 1.00000, xmax= 42458.000000, a= 1.094, KS=0.01651
===============Starting goodness-of-fit======================
range= 0-2674, b/a= 42458.00, sum=9162
xmin= 1.00000, xmax= 42458.000000, a= 1.094, KS=0.01651
Number of set of sythetic data generated = 100
1: Xmin=1	Xmax=42436	a=1.09554015384935	KS=0.00504925906280707
2: Xmin=41108	Xmax=42434	a=68.2881908491528	KS=0
3: Xmin=41112	Xmax=42386	a=66.7593370703117	KS=0
4: Xmin=41212	Xmax=42413	a=69.3424819709433	KS=0
5: Xmin=1	Xmax=42371	a=1.09210715501555	KS=0.00466578914762716
6: Xmin=40941	Xmax=42344	a=67.4063936760313	KS=0
7: Xmin=41136	Xmax=42453	a=67.6450048328729	KS=0
8: Xmin=1	Xmax=42424	a=1.09771869266054	KS=0.00481151301641991
9: Xmin=1	Xmax=42428	a=1.09603480313189	KS=0.00392976678086154
10: Xmin=1	Xmax=42457	a=1.0937299051336	KS=0.00604430625117502
11: Xmin=1	Xmax=42382	a=1.09559875810385	KS=0.00505087567501461
12: Xmin=41262	Xmax=42458	a=67.6335603174008	KS=0
13: Xmin=2	Xmax=42435	a=1.09683599557224	KS=0.00483496602901029
14: Xmin=41261	Xmax=42439	a=70.0456265502303	KS=0
15: Xmin=41180	Xmax=42399	a=68.0155602281845	KS=0
16: Xmin=41409	Xmax=42443	a=69.7497725605658	KS=0
17: Xmin=1	Xmax=42452	a=1.09558757816482	KS=0.00469772676334801
18: Xmin=41226	Xmax=42416	a=70.4105855257861	KS=0
19: Xmin=1	Xmax=42380	a=1.09683583193391	KS=0.00548348352078756
20: Xmin=41157	Xmax=42359	a=68.8159716152184	KS=0
21: Xmin=1	Xmax=42366	a=1.10021178643452	KS=0.00539974167857793
22: Xmin=41247	Xmax=42458	a=66.8117835367173	KS=0
23: Xmin=2	Xmax=42325	a=1.10182610746378	KS=0.00541884059918896
24: Xmin=41218	Xmax=42322	a=69.1580181347532	KS=0
25: Xmin=41031	Xmax=42375	a=67.007519874863	KS=0
26: Xmin=1	Xmax=42441	a=1.08859348782063	KS=0.00373768464297808
27: Xmin=41394	Xmax=42371	a=66.8850784872823	KS=0
28: Xmin=1	Xmax=42395	a=1.08832740097765	KS=0.00531259328609329
29: Xmin=41274	Xmax=42432	a=66.9850022604602	KS=0
30: Xmin=41058	Xmax=42337	a=67.5694894094052	KS=0
31: Xmin=2	Xmax=42441	a=1.09236321561839	KS=0.00623911949139858
32: Xmin=41239	Xmax=42319	a=67.0225334053763	KS=0
33: Xmin=1	Xmax=42355	a=1.09634962316946	KS=0.00583844095948793
34: Xmin=1	Xmax=42291	a=1.10312928927948	KS=0.00558319996841228
35: Xmin=1	Xmax=42358	a=1.09277687918347	KS=0.00584439309049156
36: Xmin=1	Xmax=42188	a=1.09690096804335	KS=0.0064291749612938
37: Xmin=2	Xmax=42337	a=1.08856040999577	KS=0.00560056327237646
38: Xmin=3	Xmax=42410	a=1.08891094320027	KS=0.00534393352125306
39: Xmin=41397	Xmax=42453	a=70.0149015600428	KS=0
40: Xmin=1	Xmax=42304	a=1.09395402472524	KS=0.00806140117704296
41: Xmin=2	Xmax=42354	a=1.09783206168981	KS=0.0057629276585861
42: Xmin=1	Xmax=42447	a=1.09955879806987	KS=0.0049055858305862
43: Xmin=40567	Xmax=41921	a=69.9558244979355	KS=0
44: Xmin=1	Xmax=42236	a=1.09097462486104	KS=0.00587658693250104
45: Xmin=40983	Xmax=42286	a=67.7979402302291	KS=0
46: Xmin=1	Xmax=42316	a=1.0963738670814	KS=0.00589024755927314
47: Xmin=2	Xmax=42414	a=1.0993080223444	KS=0.00474959658447383
48: Xmin=1	Xmax=42167	a=1.09237488519329	KS=0.00784748216276909
49: Xmin=41349	Xmax=42436	a=69.5456917022559	KS=0
50: Xmin=41338	Xmax=42454	a=68.6250327226005	KS=0
51: Xmin=1	Xmax=42388	a=1.08856558916315	KS=0.00585248693998813
52: Xmin=3	Xmax=42275	a=1.09414994117633	KS=0.00429637890221168
53: Xmin=41229	Xmax=42344	a=66.6763627728825	KS=0
54: Xmin=1	Xmax=42450	a=1.08877754133359	KS=0.00534257763135262
55: Xmin=1	Xmax=42445	a=1.10016000666263	KS=0.0034685602371114
56: Xmin=41040	Xmax=42057	a=68.7351357704512	KS=0
57: Xmin=41091	Xmax=42439	a=67.4742052948845	KS=0
58: Xmin=1	Xmax=42353	a=1.09751278418836	KS=0.0046953781661665
59: Xmin=41181	Xmax=42351	a=70.3811463657	KS=0
60: Xmin=41225	Xmax=42409	a=70.0433860814814	KS=0
61: Xmin=41329	Xmax=42427	a=67.838514859444	KS=0
62: Xmin=41160	Xmax=42379	a=70.6643791745159	KS=0
63: Xmin=7	Xmax=42437	a=1.10324373461248	KS=0.00706682807540271
64: Xmin=40996	Xmax=42254	a=67.1723442372544	KS=0
65: Xmin=41176	Xmax=42444	a=68.4111792125593	KS=0
66: Xmin=1	Xmax=42217	a=1.09932711913192	KS=0.00597662184014869
67: Xmin=14	Xmax=42403	a=1.09756418749436	KS=0.0061807822959522
68: Xmin=4	Xmax=42294	a=1.10004292036103	KS=0.00379512470994731
69: Xmin=40963	Xmax=42352	a=66.6966304473417	KS=0
70: Xmin=41415	Xmax=42434	a=66.8230791416582	KS=0
71: Xmin=41369	Xmax=42454	a=69.8657751756377	KS=0
72: Xmin=40858	Xmax=42138	a=67.4206104634409	KS=0
73: Xmin=3	Xmax=42376	a=1.09582163202249	KS=0.00577169032933189
74: Xmin=41251	Xmax=42441	a=67.5559144270058	KS=0
75: Xmin=41158	Xmax=42434	a=67.7899815556863	KS=0
76: Xmin=41330	Xmax=42325	a=68.3432886306514	KS=0
77: Xmin=41182	Xmax=42340	a=68.9881224092486	KS=0
78: Xmin=40855	Xmax=42190	a=66.7222155052046	KS=0
79: Xmin=2	Xmax=42458	a=1.0977973122581	KS=0.00418300568220475
80: Xmin=41110	Xmax=42398	a=68.4498914931585	KS=0
81: Xmin=15	Xmax=42396	a=1.08000982886307	KS=0.00504073540162031
82: Xmin=1	Xmax=42388	a=1.1002295478045	KS=0.00522773632770679
83: Xmin=1	Xmax=42424	a=1.09489130379307	KS=0.00752522958781254
84: Xmin=6	Xmax=42224	a=1.08333146295503	KS=0.00599231678106182
85: Xmin=1	Xmax=42447	a=1.09476807500732	KS=0.00339558699701459
86: Xmin=1	Xmax=42371	a=1.0965010434302	KS=0.00455957568870835
87: Xmin=41491	Xmax=42441	a=70.3673265579142	KS=0
88: Xmin=1	Xmax=42421	a=1.09774627393973	KS=0.00575215414974983
89: Xmin=9	Xmax=42436	a=1.08148673153988	KS=0.00572848578612656
90: Xmin=40841	Xmax=42282	a=67.5791700697061	KS=0
91: Xmin=2	Xmax=42408	a=1.10056194630079	KS=0.00474558254570723
92: Xmin=1	Xmax=42393	a=1.09221799346168	KS=0.0053221252647
93: Xmin=2	Xmax=42426	a=1.09785363118621	KS=0.00595229013077958
94: Xmin=41296	Xmax=42436	a=67.5658723265103	KS=0
95: Xmin=2	Xmax=42356	a=1.09968275214249	KS=0.00629993528061279
96: Xmin=1	Xmax=42410	a=1.0990051286075	KS=0.00704031311321218
97: Xmin=41038	Xmax=42313	a=66.8028652685675	KS=0
98: Xmin=40937	Xmax=42256	a=66.7546651768583	KS=0
99: Xmin=41239	Xmax=42449	a=69.2521728574256	KS=0
100: Xmin=1	Xmax=42443	a=1.09249952072411	KS=0.00417168422028724
alpha avg=33.3280759957069, std=33.7292559052634	KS avg=0.00281792385708753, std=0.00281793465258883
p-value = 0
===============Starting goodness-of-fit======================
range= 2674-2887, b/a= inf, sum=214
xmin= 42458.00000, xmax= inf, a= 2.714, KS=0.05517
Number of set of sythetic data generated = 100
1: Xmin=38358	Xmax=834624	a=2.65344493889787	KS=0.0322948645273613
2: Xmin=43072	Xmax=558670	a=2.92163095049047	KS=0.0374866830923867
3: Xmin=91088	Xmax=5423722	a=2.45162541821416	KS=0.0320464149750893
4: Xmin=41922	Xmax=771309	a=2.68269290150012	KS=0.0234464639460804
5: Xmin=42755	Xmax=836815	a=2.63260413928977	KS=0.0287182635829595
6: Xmin=33836	Xmax=753368	a=2.6475259117898	KS=0.0356427966270831
7: Xmin=40979	Xmax=2321459	a=2.50433369616759	KS=0.0303171091948965
8: Xmin=37698	Xmax=1350284	a=2.75863830288075	KS=0.0305399183790549
9: Xmin=40979	Xmax=639881	a=2.66262408581794	KS=0.0443027331356778
10: Xmin=38802	Xmax=14935913	a=2.7389301248805	KS=0.038128774660399
11: Xmin=93666	Xmax=704418	a=3.21083265096756	KS=0.0345024869030445
12: Xmin=42727	Xmax=1825341	a=2.76464529608848	KS=0.0347369797207671
13: Xmin=57108	Xmax=1515549	a=2.80456872744865	KS=0.0335756676826525
14: Xmin=41511	Xmax=2142500	a=2.67489039290177	KS=0.0430576537206132
15: Xmin=41511	Xmax=4799990	a=2.67500194771809	KS=0.0274511568668082
16: Xmin=41511	Xmax=29962087	a=2.55313310926033	KS=0.0327829704331438
17: Xmin=38802	Xmax=4429802	a=2.66831303973902	KS=0.0425827125157309
18: Xmin=33781	Xmax=2347743	a=2.49115608253284	KS=0.0447725356562737
19: Xmin=46484	Xmax=3318171	a=2.69662427354795	KS=0.0419311801420443
20: Xmin=58258	Xmax=1146407	a=2.77811294434552	KS=0.0306835258757471
21: Xmin=41295	Xmax=1229144	a=2.71122997404427	KS=0.0331465305663599
22: Xmin=99369	Xmax=1828220	a=2.75866479723278	KS=0.0537090823766205
23: Xmin=49892	Xmax=996887	a=2.69687476074674	KS=0.0387044754215067
24: Xmin=42888	Xmax=1044226	a=2.79294374004365	KS=0.0373565242510969
25: Xmin=40720	Xmax=806141	a=2.64487777623416	KS=0.0326899093528762
26: Xmin=42944	Xmax=961328	a=2.73868797986252	KS=0.029830630181888
27: Xmin=38802	Xmax=6114454	a=2.72478828737759	KS=0.0560564429934488
28: Xmin=42645	Xmax=402687	a=2.88838055930031	KS=0.043737367455276
29: Xmin=1	Xmax=619922	a=1.14347094039093	KS=0.0551818803795641
30: Xmin=45725	Xmax=1313297	a=2.73693778626081	KS=0.0265065718612627
31: Xmin=50731	Xmax=4588671	a=2.54825033056904	KS=0.0355449667201478
32: Xmin=41730	Xmax=1180202	a=2.61042231865922	KS=0.0440949795345513
33: Xmin=34311	Xmax=1752823	a=2.66773900715051	KS=0.0375828761942711
34: Xmin=38904	Xmax=1715297	a=2.58792786103302	KS=0.0586687843330439
35: Xmin=41922	Xmax=2826351	a=2.52881591641814	KS=0.0252569548340038
36: Xmin=39296	Xmax=1569183	a=2.68565215117577	KS=0.0339995274740499
37: Xmin=88044	Xmax=1138502	a=2.60570505268294	KS=0.0499232856392942
38: Xmin=1	Xmax=393252	a=1.13565055046282	KS=0.0489757115988114
39: Xmin=34646	Xmax=2295369	a=2.5505828418184	KS=0.0393102787442374
40: Xmin=42479	Xmax=30699267	a=2.72455343253019	KS=0.0366265229637877
41: Xmin=41922	Xmax=889999	a=2.55553019709917	KS=0.0395698777325731
42: Xmin=40979	Xmax=2702734	a=2.6671821547423	KS=0.0382931079545844
43: Xmin=42540	Xmax=681989	a=2.80037023320382	KS=0.0463413475555756
44: Xmin=41922	Xmax=882205	a=2.75043502960287	KS=0.0355022371856624
45: Xmin=33781	Xmax=918333	a=2.51524136516482	KS=0.0399219340906433
46: Xmin=449202	Xmax=465452	a=57.2769519387372	KS=0
47: Xmin=181592	Xmax=2249335	a=2.32273629093201	KS=0.052624024138516
48: Xmin=42519	Xmax=2594285	a=2.87668499925232	KS=0.0250626930243392
49: Xmin=55798	Xmax=707894	a=2.77034544148063	KS=0.040470754787272
50: Xmin=46902	Xmax=991357	a=2.69439072711478	KS=0.0317756984588212
51: Xmin=58378	Xmax=519490	a=3.05067676901322	KS=0.0419487219194755
52: Xmin=39746	Xmax=791667	a=2.69294805209526	KS=0.0322994736463266
53: Xmin=38853	Xmax=918576	a=2.57117220447096	KS=0.0419326943421547
54: Xmin=43057	Xmax=1015199	a=2.82945151964423	KS=0.0350239449452544
55: Xmin=55128	Xmax=985447	a=3.01651928858375	KS=0.043310939898125
56: Xmin=38802	Xmax=2874517	a=2.88423166927048	KS=0.0447193120565309
57: Xmin=51529	Xmax=1325054	a=2.57380276599972	KS=0.0325941688958837
58: Xmin=52284	Xmax=1163763	a=2.54340698568962	KS=0.0412145358497585
59: Xmin=43073	Xmax=1287940	a=2.67727803758416	KS=0.0362786798632604
60: Xmin=38853	Xmax=650581	a=2.6676355292193	KS=0.0491126615236859
61: Xmin=52127	Xmax=744971	a=2.66038142583959	KS=0.0378238376416943
62: Xmin=43568	Xmax=1037229	a=2.77265457009137	KS=0.0306661716726239
63: Xmin=61290	Xmax=1473057	a=2.55801504826666	KS=0.0290278911968406
64: Xmin=41730	Xmax=942346	a=2.59969736285397	KS=0.040821663526196
65: Xmin=42503	Xmax=612273	a=2.74725424300094	KS=0.0360645696495182
66: Xmin=41922	Xmax=851867	a=2.87438500601698	KS=0.0327365331300714
67: Xmin=42530	Xmax=376813	a=2.76098110494453	KS=0.045629819958669
68: Xmin=42793	Xmax=1026700	a=2.67726979396887	KS=0.0330714686387853
69: Xmin=41730	Xmax=1834464	a=2.98941245651413	KS=0.0373216096950374
70: Xmin=42596	Xmax=746248	a=2.74932400209116	KS=0.040153202702134
71: Xmin=43032	Xmax=929953	a=2.74407904277211	KS=0.0358826724613572
72: Xmin=42534	Xmax=1167884	a=2.67382179075457	KS=0.0283893980333635
73: Xmin=42503	Xmax=1682398	a=2.65173870025984	KS=0.0256457519088135
74: Xmin=43110	Xmax=3741944	a=2.68421813473246	KS=0.0254253434607986
75: Xmin=43284	Xmax=2431366	a=2.56158892400929	KS=0.0271279779620492
76: Xmin=66266	Xmax=2285232	a=2.30581336709025	KS=0.033657686998767
77: Xmin=42550	Xmax=790714	a=2.78577913639423	KS=0.0369333510410655
78: Xmin=66955	Xmax=3564660	a=2.33449503854526	KS=0.0319708422901722
79: Xmin=40979	Xmax=896563	a=2.70301324218276	KS=0.026943562151561
80: Xmin=44727	Xmax=1571501	a=2.75351701080105	KS=0.044469197081188
81: Xmin=42524	Xmax=808416	a=2.81837665639868	KS=0.0261990920139363
82: Xmin=41922	Xmax=42947393	a=2.65103379630948	KS=0.0326461751906315
83: Xmin=35001	Xmax=654891	a=2.76138577458052	KS=0.0368157440585248
84: Xmin=54896	Xmax=67629181	a=2.54217507106527	KS=0.0444472642864947
85: Xmin=41730	Xmax=1039713	a=2.7322215923823	KS=0.0359516181715424
86: Xmin=55223	Xmax=827699	a=2.54314749215865	KS=0.0478256756648627
87: Xmin=58631	Xmax=1097811	a=3.05798752265822	KS=0.0300935651210704
88: Xmin=33836	Xmax=1811658	a=2.70701448983583	KS=0.0342100053749448
89: Xmin=42558	Xmax=2888608	a=2.84328041967342	KS=0.054961188604609
90: Xmin=41730	Xmax=746821	a=2.67163890084635	KS=0.0267767059535226
91: Xmin=43049	Xmax=1947721	a=2.69933366434121	KS=0.0360834199506654
92: Xmin=70951	Xmax=702626	a=3.15341847663011	KS=0.0465985421674865
93: Xmin=56926	Xmax=2941645	a=2.65282833554738	KS=0.0426430085702475
94: Xmin=42513	Xmax=1906110	a=2.92450680631584	KS=0.0539504381328067
95: Xmin=43815	Xmax=809912	a=2.85149185515587	KS=0.0283061359997558
96: Xmin=39014	Xmax=2392201	a=2.87450552799167	KS=0.0394240900819516
97: Xmin=44373	Xmax=781849	a=2.82641983139398	KS=0.0449306427931825
98: Xmin=33977	Xmax=1148167	a=2.47725335833404	KS=0.027313577419416
99: Xmin=43604	Xmax=660754	a=3.02036765300214	KS=0.0447427231702152
100: Xmin=40979	Xmax=1306533	a=2.56455226391397	KS=0.0363563338969875
alpha avg=3.22150855087039, std=5.46686389934558	KS avg=0.0371393950020591, std=0.00875926482877621
p-value = 0.03
