Analyze with upper bound?[n]Build multiple models?[n]What's the threshold of p-value?[0.05]Allow Early Termination?[n]
range= 2-1901, b/a= inf, sum=1904720
xmin= 3.00000, xmax= inf, a= 2.125, KS=0.00317

range= 1-2, b/a= 1.50, sum=2074027
xmin= 2.00000, xmax= 3.000000, a= 2.256, KS=0.00000
===============Starting goodness-of-fit======================
range= 1-2, b/a= 1.50, sum=2074027
xmin= 2.00000, xmax= 3.000000, a= 2.256, KS=0.00000
Number of set of sythetic data generated = 100
1: Xmin=9	Xmax=10	a=2.12138333093769	KS=1.77748250562715e-08
2: Xmin=9	Xmax=10	a=2.17026766342803	KS=2.47672627962103e-08
3: Xmin=9	Xmax=10	a=2.33217676588977	KS=1.76312239252852e-08
4: Xmin=9	Xmax=10	a=2.28128554437188	KS=1.35673716705753e-09
5: Xmin=9	Xmax=10	a=2.24390514876136	KS=1.45617702340672e-08
6: Xmin=9	Xmax=10	a=2.2871908989577	KS=7.55408624542042e-09
7: Xmin=9	Xmax=10	a=2.18812138921749	KS=3.42483197357524e-09
8: Xmin=9	Xmax=10	a=2.34180573099271	KS=1.60171903518247e-08
9: Xmin=9	Xmax=10	a=2.25699055675139	KS=1.09096272016274e-08
10: Xmin=9	Xmax=10	a=2.19765255903385	KS=1.8384088362744e-08
11: Xmin=9	Xmax=10	a=2.22116223666159	KS=1.97774585597443e-09
12: Xmin=9	Xmax=10	a=2.32230808674973	KS=1.99163618930243e-09
13: Xmin=9	Xmax=10	a=2.25673076625645	KS=1.1270913091721e-09
14: Xmin=9	Xmax=10	a=2.1203472465933	KS=1.75733110285847e-08
15: Xmin=9	Xmax=10	a=2.33807694793776	KS=5.93411642046959e-09
16: Xmin=9	Xmax=10	a=2.15298675785845	KS=1.05065992572762e-08
17: Xmin=9	Xmax=10	a=2.29692358819347	KS=2.02464988108275e-08
18: Xmin=9	Xmax=10	a=2.36091635763679	KS=2.6970923272529e-09
19: Xmin=9	Xmax=10	a=2.16830432077334	KS=3.84427711885849e-10
20: Xmin=9	Xmax=10	a=2.2718777503214	KS=6.02610117361735e-09
21: Xmin=9	Xmax=10	a=2.10292549417543	KS=1.70260836540592e-08
22: Xmin=9	Xmax=10	a=2.12646765545215	KS=1.45477473401101e-08
23: Xmin=9	Xmax=10	a=2.22055993269097	KS=1.90635506269743e-08
24: Xmin=9	Xmax=10	a=2.31418096841451	KS=7.25232385256902e-09
25: Xmin=9	Xmax=10	a=2.31082593542259	KS=1.92347793248615e-09
26: Xmin=9	Xmax=10	a=2.32721818559662	KS=5.59656709864242e-09
27: Xmin=9	Xmax=10	a=2.30999417315532	KS=3.68345576262641e-09
28: Xmin=9	Xmax=10	a=2.25273803207406	KS=1.48982144398957e-08
29: Xmin=9	Xmax=10	a=2.24554412915203	KS=1.68596945293586e-08
30: Xmin=9	Xmax=10	a=2.23703836763801	KS=6.53132903316589e-09
31: Xmin=9	Xmax=10	a=2.18493121921713	KS=6.29402163720982e-09
32: Xmin=9	Xmax=10	a=2.34830032789515	KS=8.37565572453514e-09
33: Xmin=9	Xmax=10	a=2.03949787437838	KS=1.40570433071474e-08
34: Xmin=9	Xmax=10	a=2.08496051684857	KS=1.12568028232118e-08
35: Xmin=9	Xmax=10	a=2.2401281440912	KS=1.27237026470439e-08
36: Xmin=9	Xmax=10	a=2.24603872527709	KS=6.80538814190612e-09
37: Xmin=9	Xmax=10	a=2.16005818382107	KS=3.44163497700833e-09
38: Xmin=9	Xmax=10	a=2.27955188252493	KS=2.21359397478693e-08
39: Xmin=9	Xmax=10	a=2.30442271363762	KS=6.16681050669143e-09
40: Xmin=9	Xmax=10	a=2.31448051582134	KS=2.32917085618567e-09
41: Xmin=9	Xmax=10	a=2.21223037156582	KS=4.98135432902558e-09
42: Xmin=9	Xmax=10	a=2.20860330183497	KS=9.20266751691656e-10
43: Xmin=9	Xmax=10	a=2.23885292137264	KS=1.37826161594745e-09
44: Xmin=9	Xmax=10	a=2.31437993999252	KS=1.01733874657839e-08
45: Xmin=9	Xmax=10	a=2.15120347382819	KS=1.34586499722644e-08
46: Xmin=9	Xmax=10	a=2.323315043599	KS=1.63794838803355e-08
47: Xmin=9	Xmax=10	a=2.27046441317774	KS=1.02885773234362e-08
48: Xmin=9	Xmax=10	a=2.33910811084129	KS=5.35870114948267e-09
49: Xmin=9	Xmax=10	a=2.28587844953058	KS=2.33112086300835e-08
50: Xmin=9	Xmax=10	a=2.24546003244364	KS=9.72732505655216e-09
51: Xmin=9	Xmax=10	a=2.12259485739211	KS=1.0676051598324e-08
52: Xmin=9	Xmax=10	a=2.20463485019365	KS=5.241535649958e-09
53: Xmin=9	Xmax=10	a=2.21469647868978	KS=1.52576752343592e-08
54: Xmin=9	Xmax=10	a=2.3272277823303	KS=8.7330107589878e-09
55: Xmin=9	Xmax=10	a=2.12769387298212	KS=1.42574477779434e-08
56: Xmin=9	Xmax=10	a=2.24790768041873	KS=5.10720787882946e-09
57: Xmin=9	Xmax=10	a=2.36398414517835	KS=1.56223767255881e-08
58: Xmin=9	Xmax=10	a=2.23427602620059	KS=4.02450961445311e-10
59: Xmin=9	Xmax=10	a=2.29817937551155	KS=7.9357427296145e-09
60: Xmin=9	Xmax=10	a=2.30879989038192	KS=8.1930240369843e-11
61: Xmin=9	Xmax=10	a=2.18841654914015	KS=4.26733703928761e-09
62: Xmin=9	Xmax=10	a=2.19268603015872	KS=1.8124314271617e-09
63: Xmin=9	Xmax=10	a=2.15678848225478	KS=1.21019879673057e-08
64: Xmin=9	Xmax=10	a=2.1401618715438	KS=5.57330426254055e-09
65: Xmin=9	Xmax=10	a=2.14146947536975	KS=1.24979947502268e-08
66: Xmin=9	Xmax=10	a=2.18337019261796	KS=1.03281125873877e-08
67: Xmin=9	Xmax=10	a=2.27519420710642	KS=1.33528615942069e-08
68: Xmin=9	Xmax=10	a=2.13761113943044	KS=1.96244928085676e-08
69: Xmin=9	Xmax=10	a=2.38785066520177	KS=1.21354574167398e-08
70: Xmin=9	Xmax=10	a=2.38173803187531	KS=6.36305153012273e-09
71: Xmin=9	Xmax=10	a=2.18850378348141	KS=1.45934221373878e-08
72: Xmin=9	Xmax=10	a=2.23322485964907	KS=1.29605336463001e-08
73: Xmin=9	Xmax=10	a=2.36936728369353	KS=1.50154864098084e-08
74: Xmin=9	Xmax=10	a=2.32987096048959	KS=1.53909545108633e-08
75: Xmin=9	Xmax=10	a=2.21997386700983	KS=2.22887022172102e-08
76: Xmin=9	Xmax=10	a=2.31844493973816	KS=1.52234882477842e-08
77: Xmin=9	Xmax=10	a=2.21856514714276	KS=6.17789031043259e-09
78: Xmin=9	Xmax=10	a=2.395767804221	KS=2.23607979910057e-08
79: Xmin=9	Xmax=10	a=2.07378209726815	KS=5.42979106121777e-10
80: Xmin=9	Xmax=10	a=2.32682508057985	KS=2.34572021806656e-08
81: Xmin=9	Xmax=10	a=2.39270381024879	KS=6.50623455111798e-09
82: Xmin=9	Xmax=10	a=2.25007518321615	KS=1.30066656334193e-08
83: Xmin=9	Xmax=10	a=2.09039035912771	KS=2.29185240785412e-08
84: Xmin=9	Xmax=10	a=2.17511038489881	KS=1.04026061098494e-08
85: Xmin=9	Xmax=10	a=2.26477388757012	KS=2.3095218515401e-08
86: Xmin=9	Xmax=10	a=2.07895278029219	KS=1.62421046612238e-08
87: Xmin=9	Xmax=10	a=2.35600933289811	KS=9.33327082286439e-09
88: Xmin=9	Xmax=10	a=2.28185797420987	KS=6.7526783054106e-09
89: Xmin=9	Xmax=10	a=2.18240459638053	KS=1.21274580378028e-08
90: Xmin=9	Xmax=10	a=2.2018781002033	KS=2.07220254289098e-08
91: Xmin=9	Xmax=10	a=2.25777808063587	KS=1.04656641131129e-08
92: Xmin=9	Xmax=10	a=2.18110357729535	KS=1.33851874029034e-08
93: Xmin=9	Xmax=10	a=2.39067280883507	KS=1.35416430291357e-08
94: Xmin=9	Xmax=10	a=2.18891262049666	KS=1.30087129956991e-08
95: Xmin=9	Xmax=10	a=2.29080299093516	KS=7.28359006441082e-09
96: Xmin=9	Xmax=10	a=2.18089305801745	KS=3.99350508217822e-09
97: Xmin=9	Xmax=10	a=2.2970215248931	KS=1.18762387701921e-08
98: Xmin=9	Xmax=10	a=2.25505952203092	KS=2.25775032003384e-09
99: Xmin=9	Xmax=10	a=2.35463273049957	KS=1.41675714493417e-08
100: Xmin=9	Xmax=10	a=2.1542627465422	KS=1.11050554307823e-08
alpha avg=2.24304676179273, std=0.0836657222090813	KS avg=1.06936771671062e-08, std=6.48726873066504e-09
p-value = 0
===============Starting goodness-of-fit======================
range= 2-1901, b/a= inf, sum=1904720
xmin= 3.00000, xmax= inf, a= 2.125, KS=0.00317
Number of set of sythetic data generated = 100
1: Xmin=3	Xmax=678167	a=2.12479087628523	KS=0.00026656885428078
2: Xmin=3	Xmax=2300102	a=2.12528258968788	KS=0.000405018315057182
3: Xmin=3	Xmax=1085344	a=2.12394394925754	KS=0.00041464663819335
4: Xmin=3	Xmax=4342843	a=2.12479649365705	KS=0.000437125481426714
5: Xmin=3	Xmax=521779	a=2.12537754688181	KS=0.000185885806941344
6: Xmin=4	Xmax=8113962	a=2.12623881710061	KS=0.000348721937198704
7: Xmin=3	Xmax=504118	a=2.12546257983296	KS=0.000488020932548017
8: Xmin=5	Xmax=888445	a=2.12705342440389	KS=0.000472777824261139
9: Xmin=3	Xmax=2615626	a=2.12402026371996	KS=0.0003706402638749
10: Xmin=3	Xmax=668589	a=2.12540561826162	KS=0.000453375523207289
11: Xmin=3	Xmax=746732	a=2.12752026505731	KS=0.000293455498945439
12: Xmin=3	Xmax=1818565	a=2.12596492348383	KS=0.0003804526704696
13: Xmin=3	Xmax=414058	a=2.12369323266909	KS=0.000234624037511899
14: Xmin=3	Xmax=399547	a=2.12550969642548	KS=0.000375802802012548
15: Xmin=3	Xmax=562851	a=2.12530201624327	KS=0.000315382127380803
16: Xmin=4	Xmax=1962500	a=2.12466352848616	KS=0.000467217788875596
17: Xmin=3	Xmax=319786	a=2.12480949611328	KS=0.000216770228258722
18: Xmin=3	Xmax=1032402	a=2.12473830492919	KS=0.000473662897259475
19: Xmin=3	Xmax=3178773	a=2.1246641264416	KS=0.000380738107917056
20: Xmin=3	Xmax=1298054	a=2.12504173508814	KS=0.000591551312662197
21: Xmin=5	Xmax=2540165	a=2.12288890443441	KS=0.000382794449830914
22: Xmin=4	Xmax=408056	a=2.12664909182218	KS=0.000291463337262265
23: Xmin=3	Xmax=5612088	a=2.12708538351402	KS=0.000320481718345755
24: Xmin=3	Xmax=2519024	a=2.12471011961781	KS=0.000281695783697355
25: Xmin=3	Xmax=1555219	a=2.12550688266197	KS=0.000410107775032698
26: Xmin=3	Xmax=1362398	a=2.12577520693664	KS=0.000269836333785523
27: Xmin=3	Xmax=158981	a=2.12491637460272	KS=0.000304259761079839
28: Xmin=4	Xmax=30858171	a=2.1263004730044	KS=0.000305806825879329
29: Xmin=3	Xmax=1640684	a=2.12618872559338	KS=0.000262968511751449
30: Xmin=3	Xmax=2662619	a=2.12587396266493	KS=0.000525266272500047
31: Xmin=3	Xmax=599643	a=2.12552905072179	KS=0.000542791961026023
32: Xmin=4	Xmax=1178054	a=2.12494308083365	KS=0.000345027035328016
33: Xmin=3	Xmax=1887600	a=2.12714109414822	KS=0.000359531930305135
34: Xmin=3	Xmax=1624558	a=2.12516854012933	KS=0.000423248335825632
35: Xmin=3	Xmax=4703327	a=2.1243339220396	KS=0.000332819718082966
36: Xmin=3	Xmax=23448102	a=2.12663768818666	KS=0.000323706435449711
37: Xmin=3	Xmax=1758932	a=2.12455537103242	KS=0.000412937470229857
38: Xmin=3	Xmax=1610637	a=2.12538459506121	KS=0.00028824602573474
39: Xmin=4	Xmax=1429226	a=2.12440133006368	KS=0.000313940559342807
40: Xmin=3	Xmax=465827	a=2.12586952309439	KS=0.000337002666609687
41: Xmin=3	Xmax=3196806	a=2.12599493859953	KS=0.00022059101547145
42: Xmin=3	Xmax=597139	a=2.1255627628747	KS=0.000211863459246509
43: Xmin=3	Xmax=1816319	a=2.12374276688695	KS=0.000299470157149651
44: Xmin=3	Xmax=1321026	a=2.12423652863965	KS=0.00041700973340586
45: Xmin=4	Xmax=2425045	a=2.12583200923163	KS=0.00059862632694796
46: Xmin=4	Xmax=1572089	a=2.12436800486191	KS=0.000292301047172483
47: Xmin=3	Xmax=765302	a=2.12510302857426	KS=0.000370632236495749
48: Xmin=3	Xmax=4763818	a=2.12565325723133	KS=0.000403087802946733
49: Xmin=3	Xmax=2236775	a=2.12446070877317	KS=0.000253776093658065
50: Xmin=3	Xmax=148570245	a=2.12480550526296	KS=0.000318267370358005
51: Xmin=3	Xmax=971862	a=2.12543516118163	KS=0.000380365813387518
52: Xmin=3	Xmax=2304174	a=2.12398956098715	KS=0.000439315177867661
53: Xmin=11	Xmax=626259	a=2.12446734344558	KS=0.000543937614704337
54: Xmin=3	Xmax=316567	a=2.12468815674477	KS=0.00049678236516526
55: Xmin=5	Xmax=1968812	a=2.12602820474092	KS=0.000430246847763271
56: Xmin=3	Xmax=1307257	a=2.12483832651843	KS=0.000404519359009758
57: Xmin=5	Xmax=2469756	a=2.12356297080457	KS=0.000702339033661847
58: Xmin=3	Xmax=395392	a=2.12478700985339	KS=0.000430806108177917
59: Xmin=8	Xmax=1078502	a=2.12988819190635	KS=0.000522404079653538
60: Xmin=3	Xmax=14612338	a=2.12427537925271	KS=0.000409160771695949
61: Xmin=3	Xmax=1956987	a=2.12556053478613	KS=0.000326267466418395
62: Xmin=3	Xmax=2667518	a=2.12592959058736	KS=0.000416643524217108
63: Xmin=3	Xmax=883091	a=2.12433492548517	KS=0.000175993096554805
64: Xmin=3	Xmax=51963150	a=2.1260139116074	KS=0.000497611782018348
65: Xmin=3	Xmax=1525811	a=2.12351054053755	KS=0.00043030650765552
66: Xmin=5	Xmax=31899645	a=2.12787613795722	KS=0.000285549836960719
67: Xmin=3	Xmax=3064310	a=2.12540640740962	KS=0.000381323394775701
68: Xmin=3	Xmax=1299601	a=2.12567718829625	KS=0.000451034249613569
69: Xmin=3	Xmax=1717481	a=2.12452524094929	KS=0.000384869332925197
70: Xmin=3	Xmax=653090	a=2.12451055711331	KS=0.000360042838390529
71: Xmin=4	Xmax=461307	a=2.12511857719023	KS=0.000454095543390376
72: Xmin=3	Xmax=445572	a=2.12580288887819	KS=0.00027785818140047
73: Xmin=5	Xmax=1997299	a=2.12356435719155	KS=0.000353152519090405
74: Xmin=9	Xmax=1861773	a=2.12613905264726	KS=0.00036037725396465
75: Xmin=3	Xmax=9639386	a=2.12533785359065	KS=0.000390064970932191
76: Xmin=6	Xmax=335176	a=2.12755131652244	KS=0.000331312819432106
77: Xmin=3	Xmax=39822837	a=2.12542536056416	KS=0.000372687502184887
78: Xmin=3	Xmax=1275889	a=2.12612063703519	KS=0.000408651105275104
79: Xmin=3	Xmax=716761	a=2.12448148719797	KS=0.000424263800779867
80: Xmin=3	Xmax=20919004	a=2.12515041720408	KS=0.000306303133205788
81: Xmin=3	Xmax=2623250	a=2.12404462796013	KS=0.000245164132805287
82: Xmin=3	Xmax=5091606	a=2.12530576744214	KS=0.000515346179765341
83: Xmin=3	Xmax=2342946	a=2.12413334431893	KS=0.00029091324248276
84: Xmin=5	Xmax=832248	a=2.12215857463312	KS=0.000673828758960826
85: Xmin=5	Xmax=1395228	a=2.1254862469659	KS=0.000319232843070782
86: Xmin=6	Xmax=704282	a=2.12856731164183	KS=0.000480530309819482
87: Xmin=3	Xmax=959095	a=2.12437419772162	KS=0.000320078750368769
88: Xmin=3	Xmax=1945997	a=2.12440187939011	KS=0.000377660125288337
89: Xmin=4	Xmax=647929	a=2.12650592080666	KS=0.000534957346581766
90: Xmin=4	Xmax=694626	a=2.12308907782989	KS=0.000209749397036052
91: Xmin=3	Xmax=1791799	a=2.12612508845742	KS=0.00022609990864364
92: Xmin=3	Xmax=1857952	a=2.12538336906729	KS=0.000227671225174864
93: Xmin=3	Xmax=35804517	a=2.12585782278289	KS=0.000246420415907611
94: Xmin=3	Xmax=7046895	a=2.12465218983343	KS=0.000287560857358371
95: Xmin=3	Xmax=5108395	a=2.12595992179521	KS=0.000284970683665398
96: Xmin=3	Xmax=5180793	a=2.12492110208822	KS=0.000359184362288156
97: Xmin=5	Xmax=583887	a=2.12760247688591	KS=0.000469499977378385
98: Xmin=4	Xmax=1723863	a=2.12571785086197	KS=0.00034701108253285
99: Xmin=3	Xmax=713967	a=2.12561420965212	KS=0.000372469943900722
100: Xmin=3	Xmax=745102	a=2.12606048461037	KS=0.000198834728667552
alpha avg=2.12529857068057, std=0.00117925751721089	KS avg=0.000371274675002047, std=0.000103913995713592
p-value = 0
