Analyze with upper bound?[n]Build multiple models?[n]What's the threshold of p-value?[0.05]Allow Early Termination?[n]
range= 8-1408, b/a= inf, sum=293334
xmin= 9.00000, xmax= inf, a= 2.238, KS=0.00219

range= 7-8, b/a= 1.12, sum=87979
xmin= 8.00000, xmax= 9.000000, a= 2.435, KS=0.00000

range= 6-7, b/a= 1.14, sum=118359
xmin= 7.00000, xmax= 8.000000, a= 2.276, KS=0.00000

range= 5-6, b/a= 1.17, sum=166348
xmin= 6.00000, xmax= 7.000000, a= 2.377, KS=0.00000

range= 4-5, b/a= 1.20, sum=249449
xmin= 5.00000, xmax= 6.000000, a= 2.365, KS=0.00000

range= 3-4, b/a= 1.25, sum=414658
xmin= 4.00000, xmax= 5.000000, a= 2.488, KS=0.00000

range= 2-3, b/a= 1.33, sum=813549
xmin= 3.00000, xmax= 4.000000, a= 2.559, KS=0.00000

range= 1-2, b/a= 1.50, sum=2289555
xmin= 2.00000, xmax= 3.000000, a= 2.839, KS=0.00000
===============Starting goodness-of-fit======================
range= 1-2, b/a= 1.50, sum=2289555
xmin= 2.00000, xmax= 3.000000, a= 2.839, KS=0.00000
Number of set of sythetic data generated = 100
1: Xmin=9	Xmax=10	a=2.83624964861306	KS=1.01698384158411e-08
2: Xmin=9	Xmax=10	a=2.95650835206624	KS=1.73676447667859e-08
3: Xmin=9	Xmax=10	a=2.67149913352593	KS=6.45588604797354e-09
4: Xmin=9	Xmax=10	a=2.82402242118026	KS=5.71477154487354e-09
5: Xmin=9	Xmax=10	a=3.00190962581803	KS=9.69811397855125e-09
6: Xmin=9	Xmax=10	a=2.82105433635503	KS=2.0228737240835e-08
7: Xmin=9	Xmax=10	a=2.76965478306995	KS=1.37986215786867e-08
8: Xmin=9	Xmax=10	a=2.92304548435565	KS=1.13038259863529e-08
9: Xmin=9	Xmax=10	a=2.66402842570508	KS=4.62815763491164e-09
10: Xmin=9	Xmax=10	a=2.70183848406309	KS=1.12851618050414e-08
11: Xmin=9	Xmax=10	a=2.81696129335955	KS=8.20975454285389e-09
12: Xmin=9	Xmax=10	a=2.69499464228719	KS=1.03260344719303e-08
13: Xmin=9	Xmax=10	a=2.65345905766774	KS=3.52847917550747e-09
14: Xmin=9	Xmax=10	a=2.87440453003265	KS=6.61989474348701e-09
15: Xmin=9	Xmax=10	a=2.95380296052061	KS=1.10770237427005e-09
16: Xmin=9	Xmax=10	a=2.71726509103812	KS=1.30091315497793e-08
17: Xmin=9	Xmax=10	a=2.89201409456196	KS=2.59733848873012e-08
18: Xmin=9	Xmax=10	a=2.84222870268584	KS=1.58588131515813e-08
19: Xmin=9	Xmax=10	a=2.93031749588339	KS=1.95561274951572e-08
20: Xmin=9	Xmax=10	a=2.78484192071119	KS=7.16344761286791e-09
21: Xmin=9	Xmax=10	a=2.94295049948466	KS=6.46938502768535e-09
22: Xmin=9	Xmax=10	a=2.83946633446123	KS=1.63562885457935e-09
23: Xmin=9	Xmax=10	a=2.96703395249617	KS=5.90900206542955e-09
24: Xmin=9	Xmax=10	a=2.83325472901158	KS=1.3049262226339e-08
25: Xmin=9	Xmax=10	a=2.81641932278248	KS=7.9714137513065e-09
26: Xmin=9	Xmax=10	a=2.95327713641834	KS=2.4105235585381e-09
27: Xmin=9	Xmax=10	a=2.8585009502943	KS=1.09423559102595e-08
28: Xmin=9	Xmax=10	a=2.89457922179811	KS=1.64229252419545e-09
29: Xmin=9	Xmax=10	a=2.71124859350484	KS=9.95206195231191e-09
30: Xmin=9	Xmax=10	a=2.94472000717762	KS=1.11931415247568e-08
31: Xmin=9	Xmax=10	a=2.86544077114792	KS=1.04364351605213e-08
32: Xmin=9	Xmax=10	a=2.88146947362063	KS=8.08813349628679e-09
33: Xmin=9	Xmax=10	a=2.83544259626786	KS=9.09792152725686e-09
34: Xmin=9	Xmax=10	a=2.82447580145077	KS=3.95587140822329e-09
35: Xmin=9	Xmax=10	a=2.74461952516914	KS=1.05721477128284e-08
36: Xmin=9	Xmax=10	a=2.88873412798657	KS=6.67662314324247e-09
37: Xmin=9	Xmax=10	a=2.87753702788266	KS=1.04727138072747e-08
38: Xmin=9	Xmax=10	a=2.73919355963648	KS=7.07689118417676e-09
39: Xmin=9	Xmax=10	a=2.94585915209173	KS=2.01653671538793e-08
40: Xmin=9	Xmax=10	a=2.79285910803308	KS=1.0851939347134e-09
41: Xmin=9	Xmax=10	a=2.85442206496431	KS=5.98241067795158e-09
42: Xmin=9	Xmax=10	a=2.81106803184574	KS=2.00079280920917e-08
43: Xmin=9	Xmax=10	a=2.84563305988687	KS=1.08886067939906e-08
44: Xmin=9	Xmax=10	a=2.75956701458681	KS=1.41896404626252e-08
45: Xmin=9	Xmax=10	a=2.75863160256447	KS=1.16318462639597e-08
46: Xmin=9	Xmax=10	a=2.92931214735868	KS=3.38807915056805e-09
47: Xmin=9	Xmax=10	a=2.95127629524811	KS=1.35796851541414e-09
48: Xmin=9	Xmax=10	a=2.86107085839711	KS=5.9482240244435e-09
49: Xmin=9	Xmax=10	a=2.93712436463322	KS=1.91307247821015e-09
50: Xmin=9	Xmax=10	a=2.84630666084772	KS=1.51806874848504e-08
51: Xmin=9	Xmax=10	a=2.78779367674647	KS=8.65581506470647e-09
52: Xmin=9	Xmax=10	a=2.78932101426851	KS=4.06752398429688e-09
53: Xmin=9	Xmax=10	a=2.93105114902782	KS=4.65097604873677e-09
54: Xmin=9	Xmax=10	a=2.76816101329295	KS=5.74122460683668e-09
55: Xmin=9	Xmax=10	a=2.90870644743733	KS=1.29880769472734e-08
56: Xmin=9	Xmax=10	a=2.94789130621417	KS=2.12916058117685e-08
57: Xmin=9	Xmax=10	a=2.76800440488366	KS=7.9397551866478e-09
58: Xmin=9	Xmax=10	a=2.82904608256343	KS=3.74926245605423e-09
59: Xmin=9	Xmax=10	a=3.10419619812368	KS=6.76085554207617e-09
60: Xmin=9	Xmax=10	a=2.51776783030922	KS=1.10402231801032e-09
61: Xmin=9	Xmax=10	a=2.78222544456826	KS=4.27653890078261e-09
62: Xmin=9	Xmax=10	a=3.0342378626189	KS=1.00584445217322e-08
63: Xmin=9	Xmax=10	a=2.82111271185844	KS=6.46512121615928e-09
64: Xmin=9	Xmax=10	a=2.98438355099564	KS=2.47125725438835e-08
65: Xmin=9	Xmax=10	a=2.82680263104381	KS=9.81149494982958e-10
66: Xmin=9	Xmax=10	a=3.03443242193039	KS=8.41456382350003e-09
67: Xmin=9	Xmax=10	a=2.90636999590165	KS=8.54813764217255e-09
68: Xmin=9	Xmax=10	a=2.74913574837864	KS=2.17683499004195e-08
69: Xmin=9	Xmax=10	a=2.66900007579849	KS=3.24111670835237e-09
70: Xmin=9	Xmax=10	a=2.86193477599216	KS=1.75410505010021e-08
71: Xmin=9	Xmax=10	a=2.78804452945277	KS=1.98267302575772e-09
72: Xmin=9	Xmax=10	a=2.90671049839292	KS=7.974497617802e-09
73: Xmin=9	Xmax=10	a=3.08713286244696	KS=2.1413244621904e-08
74: Xmin=9	Xmax=10	a=2.83323269205166	KS=6.66875232813169e-09
75: Xmin=9	Xmax=10	a=2.88105514965793	KS=2.05083114934723e-08
76: Xmin=9	Xmax=10	a=2.86855943678315	KS=1.70318790182478e-08
77: Xmin=9	Xmax=10	a=2.76551635858071	KS=2.5242865908659e-08
78: Xmin=9	Xmax=10	a=2.81749165780308	KS=1.21510518313883e-08
79: Xmin=9	Xmax=10	a=2.83193162182334	KS=1.56959399921774e-08
80: Xmin=9	Xmax=10	a=2.72584497046878	KS=1.28142517707985e-08
81: Xmin=9	Xmax=10	a=3.02801800863984	KS=9.09032815687993e-09
82: Xmin=9	Xmax=10	a=2.85510484796702	KS=9.14405540175522e-09
83: Xmin=9	Xmax=10	a=2.83180215949233	KS=1.08345208360561e-08
84: Xmin=9	Xmax=10	a=2.82267036873628	KS=2.3092591838747e-08
85: Xmin=9	Xmax=10	a=2.78921771176852	KS=2.22873741684282e-09
86: Xmin=9	Xmax=10	a=2.89934411923686	KS=1.76331645951322e-08
87: Xmin=9	Xmax=10	a=2.68625603229263	KS=1.11261210244962e-08
88: Xmin=9	Xmax=10	a=2.71224076385291	KS=1.1893839357846e-08
89: Xmin=9	Xmax=10	a=2.83985518550522	KS=1.52979683365473e-08
90: Xmin=9	Xmax=10	a=2.66857777882969	KS=1.12919655848032e-08
91: Xmin=9	Xmax=10	a=2.74663225417753	KS=3.99692745567393e-09
92: Xmin=9	Xmax=10	a=2.79373763455312	KS=1.66090058373314e-08
93: Xmin=9	Xmax=10	a=2.83228047328625	KS=1.48603382932322e-08
94: Xmin=9	Xmax=10	a=2.85797366723626	KS=1.1569499136499e-08
95: Xmin=9	Xmax=10	a=2.87434994356845	KS=2.06698633764546e-08
96: Xmin=9	Xmax=10	a=2.78902371290127	KS=1.63073812231573e-08
97: Xmin=9	Xmax=10	a=2.86439083930459	KS=1.03633339687548e-08
98: Xmin=9	Xmax=10	a=2.84012419008305	KS=2.22799223514869e-09
99: Xmin=9	Xmax=10	a=2.8280978090903	KS=1.7504058758e-08
100: Xmin=9	Xmax=10	a=2.90430391999999	KS=1.50695341760709e-08
alpha avg=2.84032690014487, std=0.0986074205365742	KS avg=1.04654521670966e-08, std=6.29016564192036e-09
p-value = 0.91
===============Starting goodness-of-fit======================
range= 2-3, b/a= 1.33, sum=813549
xmin= 3.00000, xmax= 4.000000, a= 2.559, KS=0.00000
Number of set of sythetic data generated = 100
1: Xmin=9	Xmax=10	a=2.63839833853843	KS=3.7792610152465e-09
2: Xmin=9	Xmax=10	a=2.63750615296376	KS=9.53093448607945e-09
3: Xmin=9	Xmax=10	a=2.62743200113799	KS=2.2534457411183e-08
4: Xmin=9	Xmax=10	a=2.64466870920517	KS=7.2308266041432e-09
5: Xmin=9	Xmax=10	a=2.72177631156543	KS=3.39282191230694e-09
6: Xmin=9	Xmax=10	a=2.65617417400515	KS=1.28555427414412e-08
7: Xmin=9	Xmax=10	a=2.45766662623913	KS=2.60575772070837e-09
8: Xmin=9	Xmax=10	a=2.49631464998348	KS=1.49963760298633e-08
9: Xmin=9	Xmax=10	a=2.36591671183926	KS=7.86310461187156e-10
10: Xmin=9	Xmax=10	a=2.60096086244166	KS=1.45948937380069e-08
11: Xmin=9	Xmax=10	a=2.74700008385664	KS=3.07465231053072e-09
12: Xmin=9	Xmax=10	a=2.50199130723113	KS=1.46268452905218e-08
13: Xmin=9	Xmax=10	a=2.33140780522586	KS=1.30946090637352e-08
14: Xmin=9	Xmax=10	a=2.45866589021651	KS=6.57301291173695e-09
15: Xmin=9	Xmax=10	a=2.55989692630577	KS=1.08063228365651e-08
16: Xmin=9	Xmax=10	a=2.61388055924426	KS=1.49821478556689e-08
17: Xmin=9	Xmax=10	a=2.59364114129484	KS=9.90675386169926e-09
18: Xmin=9	Xmax=10	a=2.57171551065137	KS=1.12807718721797e-09
19: Xmin=9	Xmax=10	a=2.75434359136	KS=2.27386932616369e-08
20: Xmin=9	Xmax=10	a=2.75724029414915	KS=1.09430667860622e-08
21: Xmin=9	Xmax=10	a=2.49549936430624	KS=3.19721860098099e-09
22: Xmin=9	Xmax=10	a=2.4804354066789	KS=8.45440661922936e-09
23: Xmin=9	Xmax=10	a=2.43861139020492	KS=9.56214152303403e-09
24: Xmin=9	Xmax=10	a=2.59109106356694	KS=1.84706065997631e-08
25: Xmin=9	Xmax=10	a=2.48401102218724	KS=1.00402688385515e-08
26: Xmin=9	Xmax=10	a=2.59450174057528	KS=6.82455247869029e-09
27: Xmin=9	Xmax=10	a=2.49700784922612	KS=1.19330797465622e-08
28: Xmin=9	Xmax=10	a=2.46135875059807	KS=8.2340561036176e-09
29: Xmin=9	Xmax=10	a=2.61466420770083	KS=1.33165636295729e-08
30: Xmin=9	Xmax=10	a=2.56297844749669	KS=1.39454437997344e-08
31: Xmin=9	Xmax=10	a=2.52076291827543	KS=1.28949236843923e-08
32: Xmin=9	Xmax=10	a=2.48667337625043	KS=1.09992615016097e-09
33: Xmin=9	Xmax=10	a=2.48081026570354	KS=1.39152798173114e-08
34: Xmin=9	Xmax=10	a=2.65891543203514	KS=8.31688662383812e-09
35: Xmin=9	Xmax=10	a=2.53871678093641	KS=1.82491253220007e-08
36: Xmin=9	Xmax=10	a=2.70334006751106	KS=1.27294275120704e-08
37: Xmin=9	Xmax=10	a=2.44639564775544	KS=4.27307911277097e-09
38: Xmin=9	Xmax=10	a=2.58282879930176	KS=2.27389662654787e-10
39: Xmin=9	Xmax=10	a=2.54867962104389	KS=4.16601997343946e-09
40: Xmin=9	Xmax=10	a=2.47890025030278	KS=8.77014971756296e-09
41: Xmin=9	Xmax=10	a=2.35470448048966	KS=1.95083371679061e-09
42: Xmin=9	Xmax=10	a=2.65673690844561	KS=1.1895665452677e-08
43: Xmin=9	Xmax=10	a=2.50004129585838	KS=1.73064492736685e-08
44: Xmin=9	Xmax=10	a=2.41243940236521	KS=1.47306404851832e-08
45: Xmin=9	Xmax=10	a=2.50114798358654	KS=1.96029278365373e-08
46: Xmin=9	Xmax=10	a=2.40856166868538	KS=2.52814835732806e-09
47: Xmin=9	Xmax=10	a=2.47239838780898	KS=8.490751435275e-09
48: Xmin=9	Xmax=10	a=2.59780403666783	KS=1.30703602385651e-08
49: Xmin=9	Xmax=10	a=2.61253995756653	KS=1.58262457583547e-08
50: Xmin=9	Xmax=10	a=2.36577361101483	KS=1.57391533139872e-08
51: Xmin=9	Xmax=10	a=2.31209063934358	KS=1.25149589580431e-08
52: Xmin=9	Xmax=10	a=2.72489217905113	KS=1.14235763071235e-08
53: Xmin=9	Xmax=10	a=2.40516576194165	KS=5.76102443528015e-09
54: Xmin=9	Xmax=10	a=2.76969598970368	KS=1.44162706217088e-08
55: Xmin=9	Xmax=10	a=2.59840330591451	KS=1.61609792215245e-09
56: Xmin=9	Xmax=10	a=2.50222937116522	KS=1.55386848943451e-08
57: Xmin=9	Xmax=10	a=2.42220727940555	KS=5.3200602811998e-09
58: Xmin=9	Xmax=10	a=2.5221466461713	KS=4.52817228158153e-10
59: Xmin=9	Xmax=10	a=2.52683287858574	KS=4.22204626815414e-09
60: Xmin=9	Xmax=10	a=2.58009444096021	KS=3.18276993649391e-09
61: Xmin=9	Xmax=10	a=2.45701181503984	KS=4.47310988249683e-09
62: Xmin=9	Xmax=10	a=2.61968014070273	KS=1.60765344370262e-08
63: Xmin=9	Xmax=10	a=2.42632474839945	KS=7.91224341600838e-09
64: Xmin=9	Xmax=10	a=2.6014746983281	KS=1.6441750516627e-08
65: Xmin=9	Xmax=10	a=2.61160821176976	KS=7.06851421838905e-09
66: Xmin=9	Xmax=10	a=2.55648507402643	KS=1.06198672078506e-09
67: Xmin=9	Xmax=10	a=2.34073926957723	KS=6.11896910918119e-09
68: Xmin=9	Xmax=10	a=2.57510641092714	KS=7.86490816917507e-09
69: Xmin=9	Xmax=10	a=2.58476719419754	KS=8.39216063308612e-09
70: Xmin=9	Xmax=10	a=2.64901442780042	KS=6.72280731084385e-09
71: Xmin=9	Xmax=10	a=2.6110452929904	KS=1.40179244878524e-08
72: Xmin=9	Xmax=10	a=2.4859107457617	KS=7.9211441850191e-09
73: Xmin=9	Xmax=10	a=2.47479450000376	KS=3.60524166076459e-10
74: Xmin=9	Xmax=10	a=2.67964525212865	KS=7.76032549332228e-09
75: Xmin=9	Xmax=10	a=2.47359940820381	KS=1.20011445225998e-09
76: Xmin=9	Xmax=10	a=2.30813015599773	KS=9.51579592900487e-10
77: Xmin=9	Xmax=10	a=2.49635582015332	KS=9.78948722085704e-09
78: Xmin=9	Xmax=10	a=2.71880225540092	KS=1.11750287912216e-08
79: Xmin=9	Xmax=10	a=2.49471514612624	KS=1.60988592456945e-08
80: Xmin=9	Xmax=10	a=2.42636130096869	KS=1.00511128309222e-08
81: Xmin=9	Xmax=10	a=2.61351157648003	KS=1.03256280192809e-08
82: Xmin=9	Xmax=10	a=2.51821952486391	KS=5.38668509797446e-09
83: Xmin=9	Xmax=10	a=2.60665658425094	KS=4.84056561500523e-09
84: Xmin=9	Xmax=10	a=2.5871827887505	KS=2.14795726760642e-08
85: Xmin=9	Xmax=10	a=2.50618136212363	KS=2.80008539688126e-08
86: Xmin=9	Xmax=10	a=2.57218646675612	KS=1.15487416296745e-08
87: Xmin=9	Xmax=10	a=2.45649994147376	KS=1.28415867939324e-08
88: Xmin=9	Xmax=10	a=2.59347270787092	KS=9.49492151569586e-09
89: Xmin=9	Xmax=10	a=2.44820029535779	KS=1.30207256088255e-08
90: Xmin=9	Xmax=10	a=2.67565935410521	KS=2.76158051981668e-09
91: Xmin=9	Xmax=10	a=2.50183567400661	KS=1.36244177051381e-08
92: Xmin=9	Xmax=10	a=2.52139983538523	KS=1.30917107155071e-08
93: Xmin=9	Xmax=10	a=2.61394321958542	KS=1.72705174605881e-08
94: Xmin=9	Xmax=10	a=2.68257682560668	KS=9.87500292648491e-09
95: Xmin=9	Xmax=10	a=2.51392374171326	KS=3.26996096866594e-10
96: Xmin=9	Xmax=10	a=2.47932488816033	KS=4.93253971001195e-09
97: Xmin=9	Xmax=10	a=2.58346964146237	KS=1.38463152055124e-08
98: Xmin=9	Xmax=10	a=2.62710990172797	KS=2.71040113686283e-08
99: Xmin=9	Xmax=10	a=2.63626201622544	KS=2.27746588254973e-09
100: Xmin=9	Xmax=10	a=2.46476560533807	KS=3.42028838584696e-09
alpha avg=2.54442640093592, std=0.10375052300082	KS avg=9.71320603504466e-09, std=6.14875676557375e-09
p-value = 0
===============Starting goodness-of-fit======================
range= 3-4, b/a= 1.25, sum=414658
xmin= 4.00000, xmax= 5.000000, a= 2.488, KS=0.00000
Number of set of sythetic data generated = 100
1: Xmin=9	Xmax=10	a=2.54937308996537	KS=1.59513825481739e-08
2: Xmin=9	Xmax=10	a=2.41023786185974	KS=7.09410685750811e-09
3: Xmin=9	Xmax=10	a=2.56644923332769	KS=2.33867610832661e-08
4: Xmin=9	Xmax=10	a=2.64852808728057	KS=5.58310919718252e-09
5: Xmin=9	Xmax=10	a=2.29656700514301	KS=2.96601410099129e-09
6: Xmin=9	Xmax=10	a=2.58327489917851	KS=1.28796164844402e-08
7: Xmin=9	Xmax=10	a=2.34417593668329	KS=1.78380658022448e-08
8: Xmin=9	Xmax=10	a=2.53252893978281	KS=8.38745550790776e-09
9: Xmin=9	Xmax=10	a=2.55868019533946	KS=1.65275002572685e-08
10: Xmin=9	Xmax=10	a=2.67939247285263	KS=1.06030615398822e-08
11: Xmin=9	Xmax=10	a=2.43442256761427	KS=1.16608527278572e-08
12: Xmin=9	Xmax=10	a=2.6616827844373	KS=1.62769419054243e-08
13: Xmin=9	Xmax=10	a=2.40207784609503	KS=4.3590526743742e-09
14: Xmin=9	Xmax=10	a=2.59272251819895	KS=5.3376210118472e-09
15: Xmin=9	Xmax=10	a=2.312036164818	KS=9.20368226076107e-10
16: Xmin=9	Xmax=10	a=2.56979444868108	KS=8.00625044039549e-09
17: Xmin=9	Xmax=10	a=2.56529275692828	KS=1.26147351453554e-08
18: Xmin=9	Xmax=10	a=2.57781485577529	KS=4.90275320341738e-09
19: Xmin=9	Xmax=10	a=2.69566464813699	KS=4.18103074384391e-09
20: Xmin=9	Xmax=10	a=2.37692555206177	KS=1.69585252507432e-08
21: Xmin=9	Xmax=10	a=2.43602450693636	KS=1.37031977986979e-08
22: Xmin=9	Xmax=10	a=2.64183466749376	KS=1.15500261577139e-08
23: Xmin=9	Xmax=10	a=2.56961230312776	KS=1.21160648181018e-09
24: Xmin=9	Xmax=10	a=2.3646311199679	KS=7.38695815627466e-09
25: Xmin=9	Xmax=10	a=2.36237609052366	KS=4.80059147989209e-09
26: Xmin=9	Xmax=10	a=2.32470955842924	KS=4.73486394536593e-09
27: Xmin=9	Xmax=10	a=2.63321688217806	KS=1.27448986919632e-08
28: Xmin=9	Xmax=10	a=2.55943676189008	KS=2.47405762543451e-09
29: Xmin=9	Xmax=10	a=2.49208202199806	KS=2.68582012186158e-09
30: Xmin=9	Xmax=10	a=2.53018526001951	KS=1.72523904051758e-08
31: Xmin=9	Xmax=10	a=2.59741829186304	KS=9.31133925519134e-09
32: Xmin=9	Xmax=10	a=2.47648207128022	KS=2.2906831986802e-10
33: Xmin=9	Xmax=10	a=2.5676013329486	KS=1.61786063435088e-08
34: Xmin=9	Xmax=10	a=2.6414789377386	KS=1.81685816391663e-08
35: Xmin=9	Xmax=10	a=2.35809756066223	KS=7.72348796029831e-09
36: Xmin=9	Xmax=10	a=2.36608937698599	KS=7.72616026711859e-09
37: Xmin=9	Xmax=10	a=2.37789774606499	KS=4.91099305666154e-09
38: Xmin=9	Xmax=10	a=2.55302034749312	KS=1.89599224098558e-08
39: Xmin=9	Xmax=10	a=2.47385198081804	KS=4.75761030571675e-09
40: Xmin=9	Xmax=10	a=2.44695582000574	KS=1.69314540165999e-08
41: Xmin=9	Xmax=10	a=2.43346454400414	KS=3.97201349588983e-09
42: Xmin=9	Xmax=10	a=2.56575427503314	KS=2.23124030362953e-09
43: Xmin=9	Xmax=10	a=2.51536133186269	KS=9.26934129452661e-09
44: Xmin=9	Xmax=10	a=2.54234606507406	KS=7.64373919714956e-09
45: Xmin=9	Xmax=10	a=2.57104437857809	KS=1.62653045476802e-08
46: Xmin=9	Xmax=10	a=2.52524709865999	KS=8.33579361092518e-09
47: Xmin=9	Xmax=10	a=2.52737524475853	KS=2.85507395503259e-10
48: Xmin=9	Xmax=10	a=2.49730786591481	KS=5.13314624139838e-09
49: Xmin=9	Xmax=10	a=2.34954152525413	KS=1.83998958291909e-08
50: Xmin=9	Xmax=10	a=2.45236251522734	KS=3.02160119147743e-09
51: Xmin=9	Xmax=10	a=2.54805157366728	KS=1.07143363070605e-08
52: Xmin=9	Xmax=10	a=2.51630072965103	KS=3.39199335286366e-10
53: Xmin=9	Xmax=10	a=2.39263375185209	KS=5.81433134971832e-09
54: Xmin=9	Xmax=10	a=2.30125859119991	KS=1.40798195324976e-09
55: Xmin=9	Xmax=10	a=2.63738113140539	KS=1.60507093172058e-08
56: Xmin=9	Xmax=10	a=2.40269573117993	KS=2.11300938968151e-08
57: Xmin=9	Xmax=10	a=2.43903609429663	KS=6.36500085970937e-09
58: Xmin=9	Xmax=10	a=2.3629609142888	KS=5.48872947092605e-10
59: Xmin=9	Xmax=10	a=2.523871675356	KS=1.11503396515999e-08
60: Xmin=9	Xmax=10	a=2.41170028290653	KS=7.62736740433922e-09
61: Xmin=9	Xmax=10	a=2.46031565216854	KS=9.26293697300906e-09
62: Xmin=9	Xmax=10	a=2.53233791940401	KS=9.53448653362443e-09
63: Xmin=9	Xmax=10	a=2.37851142398678	KS=2.12248469910747e-08
64: Xmin=9	Xmax=10	a=2.4447259137931	KS=1.3764959949647e-08
65: Xmin=9	Xmax=10	a=2.5536408250074	KS=5.25586618671525e-09
66: Xmin=9	Xmax=10	a=2.49744233944877	KS=5.33953270487331e-09
67: Xmin=9	Xmax=10	a=2.30930490511358	KS=4.03541866589308e-10
68: Xmin=9	Xmax=10	a=2.44611319303671	KS=6.99538682535916e-09
69: Xmin=9	Xmax=10	a=2.42291066520989	KS=2.04420249616533e-08
70: Xmin=9	Xmax=10	a=2.51731995872605	KS=9.04554309233419e-09
71: Xmin=9	Xmax=10	a=2.60590009346598	KS=5.14600295709045e-09
72: Xmin=9	Xmax=10	a=2.54762531240651	KS=6.64346877510269e-09
73: Xmin=9	Xmax=10	a=2.37558820576544	KS=5.14620035474422e-09
74: Xmin=9	Xmax=10	a=2.30145330685288	KS=6.08835126758578e-09
75: Xmin=9	Xmax=10	a=2.34287876131529	KS=8.21473578049847e-09
76: Xmin=9	Xmax=10	a=2.43092587054967	KS=1.61949246235693e-08
77: Xmin=9	Xmax=10	a=2.56593319361163	KS=3.63720653595578e-09
78: Xmin=9	Xmax=10	a=2.67912036839516	KS=1.09349296284478e-08
79: Xmin=9	Xmax=10	a=2.60590810601144	KS=5.97637273003215e-10
80: Xmin=9	Xmax=10	a=2.66018634332779	KS=1.38415582329188e-08
81: Xmin=9	Xmax=10	a=2.51549126230619	KS=6.26723051233569e-09
82: Xmin=9	Xmax=10	a=2.52751817327508	KS=1.37919139442388e-08
83: Xmin=9	Xmax=10	a=2.61141523272435	KS=1.40619167421363e-08
84: Xmin=9	Xmax=10	a=2.58810387716849	KS=1.07893459722064e-08
85: Xmin=9	Xmax=10	a=2.40222985896324	KS=1.27483971157361e-08
86: Xmin=9	Xmax=10	a=2.54393198438788	KS=2.52087040131244e-09
87: Xmin=9	Xmax=10	a=2.50497248755879	KS=4.22819768086669e-09
88: Xmin=9	Xmax=10	a=2.51709599810323	KS=1.69478125977562e-08
89: Xmin=9	Xmax=10	a=2.39937753611802	KS=1.28474385574506e-08
90: Xmin=9	Xmax=10	a=2.48836855615788	KS=2.07623194192763e-08
91: Xmin=9	Xmax=10	a=2.3753465813281	KS=3.40660766262602e-09
92: Xmin=9	Xmax=10	a=2.55764407960634	KS=1.2766509738249e-08
93: Xmin=9	Xmax=10	a=2.47040469666391	KS=3.55454643496955e-09
94: Xmin=9	Xmax=10	a=2.14852673026019	KS=1.86074130548164e-08
95: Xmin=9	Xmax=10	a=2.36638466589704	KS=2.09156987285297e-08
96: Xmin=9	Xmax=10	a=2.41904878270443	KS=1.24344345930893e-08
97: Xmin=9	Xmax=10	a=2.47814116150683	KS=2.96229030194439e-09
98: Xmin=9	Xmax=10	a=2.57751309262591	KS=1.54208553704294e-08
99: Xmin=9	Xmax=10	a=2.48548677587623	KS=2.22287644957575e-08
100: Xmin=9	Xmax=10	a=2.61426574454682	KS=1.89659953298005e-08
alpha avg=2.48915749458131, std=0.106641856347379	KS avg=9.69525355443146e-09, std=6.21322665164414e-09
p-value = 0
===============Starting goodness-of-fit======================
range= 4-5, b/a= 1.20, sum=249449
xmin= 5.00000, xmax= 6.000000, a= 2.365, KS=0.00000
Number of set of sythetic data generated = 100
1: Xmin=9	Xmax=10	a=2.39309553342156	KS=8.12428591068226e-09
2: Xmin=9	Xmax=10	a=2.35641983763618	KS=1.36464891609123e-08
3: Xmin=9	Xmax=10	a=2.42232997384073	KS=8.56947923733031e-09
4: Xmin=9	Xmax=10	a=2.4713448273926	KS=2.57338994558154e-09
5: Xmin=9	Xmax=10	a=2.46908324946403	KS=2.2362245055696e-08
6: Xmin=9	Xmax=10	a=2.56775489974154	KS=6.54412213307864e-09
7: Xmin=9	Xmax=10	a=2.26450967211355	KS=1.19609449011904e-08
8: Xmin=9	Xmax=10	a=2.22124599757775	KS=1.29467077059076e-08
9: Xmin=9	Xmax=10	a=2.47231919557617	KS=1.91515479031068e-08
10: Xmin=9	Xmax=10	a=2.09108751056778	KS=1.38907940705479e-09
11: Xmin=9	Xmax=10	a=2.27715596493686	KS=1.84760098331793e-08
12: Xmin=9	Xmax=10	a=2.30396863719284	KS=8.19617640424042e-09
13: Xmin=9	Xmax=10	a=2.4773552873572	KS=2.74720013404561e-09
14: Xmin=9	Xmax=10	a=2.41556369505899	KS=1.77471212170488e-08
15: Xmin=9	Xmax=10	a=2.33881545132277	KS=4.82329409745574e-09
16: Xmin=9	Xmax=10	a=2.42298329097713	KS=2.00119529836229e-08
17: Xmin=9	Xmax=10	a=2.39534586131268	KS=8.31287483293863e-09
18: Xmin=9	Xmax=10	a=2.29986481389931	KS=4.15686818300287e-09
19: Xmin=9	Xmax=10	a=2.33356252727135	KS=1.49919913150498e-08
20: Xmin=9	Xmax=10	a=2.45657504080158	KS=1.26092621899332e-08
21: Xmin=9	Xmax=10	a=2.39161757148868	KS=1.34466431322977e-08
22: Xmin=9	Xmax=10	a=2.43559010189336	KS=6.89711010526395e-09
23: Xmin=9	Xmax=10	a=2.26235240368333	KS=9.42490263611262e-09
24: Xmin=9	Xmax=10	a=2.49597664359879	KS=2.02536780680163e-08
25: Xmin=9	Xmax=10	a=2.56322647055067	KS=2.23064477999912e-09
26: Xmin=9	Xmax=10	a=2.62797893680541	KS=1.93397593495348e-08
27: Xmin=9	Xmax=10	a=2.29509429864022	KS=4.80571027416943e-10
28: Xmin=9	Xmax=10	a=2.26785048657146	KS=1.8010657409917e-09
29: Xmin=9	Xmax=10	a=2.42758508452115	KS=2.65821977762926e-08
30: Xmin=9	Xmax=10	a=2.31231590666243	KS=1.44444040062197e-08
31: Xmin=9	Xmax=10	a=2.39554284699018	KS=9.01379915152489e-09
32: Xmin=9	Xmax=10	a=2.28316631196347	KS=2.39444327698735e-08
33: Xmin=9	Xmax=10	a=2.28756034934884	KS=1.75306147376375e-09
34: Xmin=9	Xmax=10	a=2.63438854956038	KS=9.43436428979538e-09
35: Xmin=9	Xmax=10	a=2.34749509381552	KS=4.08082423408729e-09
36: Xmin=9	Xmax=10	a=2.44875179431408	KS=1.87771509452261e-08
37: Xmin=9	Xmax=10	a=2.18549428164305	KS=9.91423043661399e-09
38: Xmin=9	Xmax=10	a=2.42147809258079	KS=4.42143854861854e-09
39: Xmin=9	Xmax=10	a=2.24910313784457	KS=6.40453390321483e-09
40: Xmin=9	Xmax=10	a=2.27993880591016	KS=1.71362890544202e-09
41: Xmin=9	Xmax=10	a=2.3614364066903	KS=8.66543470312564e-09
42: Xmin=9	Xmax=10	a=2.42058581023659	KS=1.5960946009308e-08
43: Xmin=9	Xmax=10	a=2.42389625642739	KS=4.43332270894103e-09
44: Xmin=9	Xmax=10	a=2.32983418662556	KS=1.47237690928392e-08
45: Xmin=9	Xmax=10	a=2.36390273235907	KS=1.27999694177205e-08
46: Xmin=9	Xmax=10	a=2.4560960783062	KS=7.78664810408003e-09
47: Xmin=9	Xmax=10	a=2.45215043042587	KS=1.3961935718676e-08
48: Xmin=9	Xmax=10	a=2.48077470349348	KS=7.7344248783362e-09
49: Xmin=9	Xmax=10	a=2.44441103511426	KS=1.32379818218453e-09
50: Xmin=9	Xmax=10	a=2.25536276844959	KS=3.99782762450229e-10
51: Xmin=9	Xmax=10	a=2.34771459698416	KS=5.89721627086703e-09
52: Xmin=9	Xmax=10	a=2.45349117547715	KS=7.6295666451287e-09
53: Xmin=9	Xmax=10	a=2.34907196959143	KS=9.29864052423568e-09
54: Xmin=9	Xmax=10	a=2.48809744721756	KS=2.95853275211755e-09
55: Xmin=9	Xmax=10	a=2.29600559209697	KS=1.90293621971094e-08
56: Xmin=9	Xmax=10	a=2.39431262451468	KS=1.4800423886463e-08
57: Xmin=9	Xmax=10	a=2.45182412869757	KS=9.42595790309753e-09
58: Xmin=9	Xmax=10	a=2.56116063378066	KS=2.82317802469123e-09
59: Xmin=9	Xmax=10	a=2.48732244584085	KS=1.4482288146489e-08
60: Xmin=9	Xmax=10	a=2.44174130326345	KS=8.89565066053422e-09
61: Xmin=9	Xmax=10	a=2.31852325738765	KS=4.32865721045061e-09
62: Xmin=9	Xmax=10	a=2.44651568405314	KS=6.37045816098691e-09
63: Xmin=9	Xmax=10	a=2.53818278756031	KS=1.43157508070146e-08
64: Xmin=9	Xmax=10	a=2.32207768169047	KS=4.8481927361621e-09
65: Xmin=9	Xmax=10	a=2.40562451143451	KS=1.04399178191272e-08
66: Xmin=9	Xmax=10	a=2.40451706735138	KS=5.98671212603819e-09
67: Xmin=9	Xmax=10	a=2.47892325220614	KS=1.88423385782954e-08
68: Xmin=9	Xmax=10	a=2.48040050127368	KS=1.77603165507634e-09
69: Xmin=9	Xmax=10	a=2.23608403523172	KS=1.74454718449013e-08
70: Xmin=9	Xmax=10	a=2.54685902237477	KS=5.82252657199689e-09
71: Xmin=9	Xmax=10	a=2.44282218609969	KS=1.30783688323532e-08
72: Xmin=9	Xmax=10	a=2.39537547685706	KS=2.77942258097852e-09
73: Xmin=9	Xmax=10	a=2.33874495310936	KS=9.46836742343748e-09
74: Xmin=9	Xmax=10	a=2.29795744523186	KS=1.31137430914308e-08
75: Xmin=9	Xmax=10	a=2.15416221361017	KS=9.68688440572407e-09
76: Xmin=9	Xmax=10	a=2.29282473964896	KS=7.902771992363e-09
77: Xmin=9	Xmax=10	a=2.36868589836962	KS=1.1698517932146e-08
78: Xmin=9	Xmax=10	a=2.2948511026504	KS=1.10607970560395e-08
79: Xmin=9	Xmax=10	a=2.52037596468309	KS=1.04602672079679e-08
80: Xmin=9	Xmax=10	a=2.50841694264013	KS=7.2973672660126e-09
81: Xmin=9	Xmax=10	a=2.36761493691628	KS=1.47691092688973e-09
82: Xmin=9	Xmax=10	a=2.52116551667587	KS=1.56877945078904e-08
83: Xmin=9	Xmax=10	a=2.28742594027732	KS=1.57841425485472e-08
84: Xmin=9	Xmax=10	a=2.47538122265674	KS=3.12630099585931e-09
85: Xmin=9	Xmax=10	a=2.20866881374257	KS=1.04229214148432e-09
86: Xmin=9	Xmax=10	a=2.54752620333872	KS=9.50571865665495e-09
87: Xmin=9	Xmax=10	a=2.33488731951299	KS=8.35896685202897e-10
88: Xmin=9	Xmax=10	a=2.34501103935414	KS=1.65757964021296e-08
89: Xmin=9	Xmax=10	a=2.41276139851753	KS=5.11606312869617e-09
90: Xmin=9	Xmax=10	a=2.56258855047547	KS=1.38077185241059e-08
91: Xmin=9	Xmax=10	a=2.35543580040302	KS=6.09129469086866e-09
92: Xmin=9	Xmax=10	a=2.52997045475012	KS=1.60328121889819e-08
93: Xmin=9	Xmax=10	a=2.47562393374854	KS=9.10511366303268e-09
94: Xmin=9	Xmax=10	a=2.43091339400445	KS=1.55801809231804e-08
95: Xmin=9	Xmax=10	a=2.39337436198427	KS=4.74248940118827e-09
96: Xmin=9	Xmax=10	a=2.23188194828778	KS=1.59994231196947e-08
97: Xmin=9	Xmax=10	a=2.43639281538681	KS=4.13157508205586e-09
98: Xmin=9	Xmax=10	a=2.34977450374854	KS=4.15463752290179e-09
99: Xmin=9	Xmax=10	a=2.39559886660505	KS=1.93442595275428e-08
100: Xmin=9	Xmax=10	a=2.3287462702768	KS=3.85792742196855e-09
alpha avg=2.39104748775569, std=0.103974578391987	KS avg=9.75451245777137e-09, std=6.13812642094103e-09
p-value = 0
===============Starting goodness-of-fit======================
range= 5-6, b/a= 1.17, sum=166348
xmin= 6.00000, xmax= 7.000000, a= 2.377, KS=0.00000
Number of set of sythetic data generated = 100
1: Xmin=9	Xmax=10	a=2.5084172051456	KS=1.4623390942603e-08
2: Xmin=9	Xmax=10	a=2.52396771682016	KS=9.3425633895805e-09
3: Xmin=9	Xmax=10	a=2.37632229635323	KS=3.38520544929111e-09
4: Xmin=9	Xmax=10	a=2.40142727257382	KS=4.73579675475122e-09
5: Xmin=9	Xmax=10	a=2.44830246059424	KS=6.98053881365013e-09
6: Xmin=9	Xmax=10	a=2.28345570899299	KS=3.6917553458693e-09
7: Xmin=9	Xmax=10	a=2.50788505535654	KS=1.0741523226443e-08
8: Xmin=9	Xmax=10	a=2.25307757361732	KS=1.73471457198815e-08
9: Xmin=9	Xmax=10	a=2.27744719019548	KS=5.75469583097288e-09
10: Xmin=9	Xmax=10	a=2.29374234139995	KS=1.07255153647401e-08
11: Xmin=9	Xmax=10	a=2.28031005698455	KS=6.83226519804236e-09
12: Xmin=9	Xmax=10	a=2.43603576608733	KS=1.7220087245029e-08
13: Xmin=9	Xmax=10	a=2.3613529400789	KS=1.84754922472052e-09
14: Xmin=9	Xmax=10	a=2.36567242896746	KS=8.45326830756221e-09
15: Xmin=9	Xmax=10	a=2.34024389040936	KS=1.27142752992526e-08
16: Xmin=9	Xmax=10	a=2.40676431931263	KS=1.25001479167608e-08
17: Xmin=9	Xmax=10	a=2.21337732210633	KS=1.28951950228995e-08
18: Xmin=9	Xmax=10	a=2.30429433588443	KS=1.36524622718071e-08
19: Xmin=9	Xmax=10	a=2.36042992376237	KS=5.24703813731264e-09
20: Xmin=9	Xmax=10	a=2.4433163381769	KS=9.21365872486035e-10
21: Xmin=9	Xmax=10	a=2.40087547987264	KS=9.01177166223732e-09
22: Xmin=9	Xmax=10	a=2.4864391965193	KS=1.39911340291121e-08
23: Xmin=9	Xmax=10	a=2.29292103177566	KS=1.12311260291875e-08
24: Xmin=9	Xmax=10	a=2.3057267803409	KS=1.33961123305326e-08
25: Xmin=9	Xmax=10	a=2.40002982264367	KS=4.9915264144218e-09
26: Xmin=9	Xmax=10	a=2.37511257190774	KS=8.96980589804031e-09
27: Xmin=9	Xmax=10	a=2.23536987738329	KS=9.71470470734204e-09
28: Xmin=9	Xmax=10	a=2.34077544827832	KS=3.70853581177499e-09
29: Xmin=9	Xmax=10	a=2.33421817556714	KS=2.23209822847181e-08
30: Xmin=9	Xmax=10	a=2.40150143301511	KS=1.47352789969801e-08
31: Xmin=9	Xmax=10	a=2.44940195660266	KS=8.55570658764293e-09
32: Xmin=9	Xmax=10	a=2.36232689110811	KS=1.67436261522269e-08
33: Xmin=9	Xmax=10	a=2.37780444915963	KS=1.69005975880765e-09
34: Xmin=9	Xmax=10	a=2.43613539683654	KS=1.05690354246235e-08
35: Xmin=9	Xmax=10	a=2.50998779731298	KS=1.80207702094037e-08
36: Xmin=9	Xmax=10	a=2.40245746940076	KS=4.05923572532885e-09
37: Xmin=9	Xmax=10	a=2.44981826572546	KS=3.68920038962273e-09
38: Xmin=9	Xmax=10	a=2.46582239651949	KS=2.16650164475141e-09
39: Xmin=9	Xmax=10	a=2.38595553760635	KS=1.22323806639457e-08
40: Xmin=9	Xmax=10	a=2.35280695272329	KS=2.2806699861988e-09
41: Xmin=9	Xmax=10	a=2.32699153114872	KS=6.53499654390544e-09
42: Xmin=9	Xmax=10	a=2.40539080392237	KS=1.13005864665894e-08
43: Xmin=9	Xmax=10	a=2.3736125234894	KS=1.04880649720585e-08
44: Xmin=9	Xmax=10	a=2.41415588653757	KS=1.68320062332583e-08
45: Xmin=9	Xmax=10	a=2.41198946670608	KS=5.69856428711546e-09
46: Xmin=9	Xmax=10	a=2.55152701571128	KS=1.47880124812261e-08
47: Xmin=9	Xmax=10	a=2.34941882465367	KS=2.28338958851992e-09
48: Xmin=9	Xmax=10	a=2.50422208933831	KS=5.65333180269079e-09
49: Xmin=9	Xmax=10	a=2.40157246054226	KS=1.95631886246161e-08
50: Xmin=9	Xmax=10	a=2.36794778135823	KS=4.46261028130834e-09
51: Xmin=9	Xmax=10	a=2.3206319808301	KS=2.64790595005948e-08
52: Xmin=9	Xmax=10	a=2.46617596202419	KS=6.10520878296938e-09
53: Xmin=9	Xmax=10	a=2.42863538588121	KS=1.13178285632287e-08
54: Xmin=9	Xmax=10	a=2.18365992811049	KS=1.93877627285843e-08
55: Xmin=9	Xmax=10	a=2.30041985862958	KS=1.02757533593234e-08
56: Xmin=9	Xmax=10	a=2.40005165975193	KS=1.79245087661428e-08
57: Xmin=9	Xmax=10	a=2.47606152932993	KS=1.17233692753516e-08
58: Xmin=9	Xmax=10	a=2.45288218201064	KS=3.99751509672086e-09
59: Xmin=9	Xmax=10	a=2.40288238379056	KS=6.27727003710277e-09
60: Xmin=9	Xmax=10	a=2.42897983175777	KS=1.45202682100276e-08
61: Xmin=9	Xmax=10	a=2.40987205933548	KS=1.43111802408669e-08
62: Xmin=9	Xmax=10	a=2.28631078169713	KS=3.92832366635787e-09
63: Xmin=9	Xmax=10	a=2.30093332462487	KS=5.55989632111675e-09
64: Xmin=9	Xmax=10	a=2.35065603048027	KS=1.18935234993955e-08
65: Xmin=9	Xmax=10	a=2.32807307889842	KS=2.01781047426408e-09
66: Xmin=9	Xmax=10	a=2.42988964816908	KS=1.17203802219024e-08
67: Xmin=9	Xmax=10	a=2.36375957873537	KS=3.48477802170066e-09
68: Xmin=9	Xmax=10	a=2.22902943119123	KS=1.07950526295753e-09
69: Xmin=9	Xmax=10	a=2.33122853034195	KS=1.93856677377369e-08
70: Xmin=9	Xmax=10	a=2.33371496459338	KS=7.2243568904895e-09
71: Xmin=9	Xmax=10	a=2.32765409301057	KS=1.75597176799158e-08
72: Xmin=9	Xmax=10	a=2.406175513691	KS=1.29755681754773e-08
73: Xmin=9	Xmax=10	a=2.29749508291268	KS=2.17324488405168e-08
74: Xmin=9	Xmax=10	a=2.2899128220609	KS=1.45220464542462e-08
75: Xmin=9	Xmax=10	a=2.46381208986223	KS=1.57274026024723e-08
76: Xmin=9	Xmax=10	a=2.41868458954467	KS=1.05169517539139e-08
77: Xmin=9	Xmax=10	a=2.35730338641749	KS=1.1067848859625e-09
78: Xmin=9	Xmax=10	a=2.440278802695	KS=9.6563317342202e-09
79: Xmin=9	Xmax=10	a=2.60035426346091	KS=6.53402443262507e-09
80: Xmin=9	Xmax=10	a=2.31468030459355	KS=1.89051281296315e-08
81: Xmin=9	Xmax=10	a=2.45974391316298	KS=8.47525616354261e-09
82: Xmin=9	Xmax=10	a=2.37115274517089	KS=3.40064865156364e-09
83: Xmin=9	Xmax=10	a=2.28779927558226	KS=2.28429829496335e-08
84: Xmin=9	Xmax=10	a=2.25359225010129	KS=1.48912984165861e-08
85: Xmin=9	Xmax=10	a=2.17834207249456	KS=7.0160371956618e-09
86: Xmin=9	Xmax=10	a=2.27040746297182	KS=1.50679748678328e-08
87: Xmin=9	Xmax=10	a=2.21365719621684	KS=1.3211952643033e-08
88: Xmin=9	Xmax=10	a=2.27447283456353	KS=1.89079137902226e-08
89: Xmin=9	Xmax=10	a=2.28774600247985	KS=5.3161964830295e-09
90: Xmin=9	Xmax=10	a=2.38807034753594	KS=6.88169277118789e-09
91: Xmin=9	Xmax=10	a=2.22837861501139	KS=7.11852654600165e-09
92: Xmin=9	Xmax=10	a=2.34756846619269	KS=1.07757213152482e-08
93: Xmin=9	Xmax=10	a=2.49050113042771	KS=1.75638343868911e-08
94: Xmin=9	Xmax=10	a=2.47848835158858	KS=4.58828819382973e-09
95: Xmin=9	Xmax=10	a=2.35617000723734	KS=4.91194640517278e-10
96: Xmin=9	Xmax=10	a=2.56407467810717	KS=2.55050036646054e-09
97: Xmin=9	Xmax=10	a=2.29643086661042	KS=9.21161069644683e-09
98: Xmin=9	Xmax=10	a=2.39567002396994	KS=3.84371090511593e-10
99: Xmin=9	Xmax=10	a=2.4469120821538	KS=5.92290239076476e-09
100: Xmin=9	Xmax=10	a=2.24939425249101	KS=1.57596162786433e-08
alpha avg=2.37236929109029, std=0.0865015451511717	KS avg=9.97523592505267e-09, std=5.96289048391409e-09
p-value = 0.51
===============Starting goodness-of-fit======================
range= 6-7, b/a= 1.14, sum=118359
xmin= 7.00000, xmax= 8.000000, a= 2.276, KS=0.00000
Number of set of sythetic data generated = 100
1: Xmin=9	Xmax=10	a=2.33092068095012	KS=1.501133772841e-08
2: Xmin=9	Xmax=10	a=2.23537665829806	KS=8.43167946573686e-09
3: Xmin=9	Xmax=10	a=2.17201997139054	KS=1.31435075045871e-08
4: Xmin=9	Xmax=10	a=2.13908396862693	KS=1.17949584543808e-08
5: Xmin=9	Xmax=10	a=2.35850092599232	KS=1.92715905455998e-08
6: Xmin=9	Xmax=10	a=2.23364239262043	KS=2.22361999924203e-08
7: Xmin=9	Xmax=10	a=2.18402430850248	KS=5.40364886170153e-09
8: Xmin=9	Xmax=10	a=2.3190777839013	KS=1.52211137027791e-08
9: Xmin=9	Xmax=10	a=2.37572202452017	KS=9.57443324622886e-09
10: Xmin=9	Xmax=10	a=2.37219498031493	KS=7.50545192662599e-09
11: Xmin=9	Xmax=10	a=2.37848174976619	KS=5.92889237704952e-09
12: Xmin=9	Xmax=10	a=2.33354861631104	KS=3.38405481414839e-09
13: Xmin=9	Xmax=10	a=2.3892051136895	KS=8.08559219578342e-09
14: Xmin=9	Xmax=10	a=2.24602636126149	KS=1.09440057016741e-08
15: Xmin=9	Xmax=10	a=2.25632598173676	KS=1.83790255237071e-08
16: Xmin=9	Xmax=10	a=2.36834916765679	KS=8.87661821824537e-09
17: Xmin=9	Xmax=10	a=2.3043876829259	KS=2.27957042131521e-09
18: Xmin=9	Xmax=10	a=2.21836348798762	KS=1.1816206235693e-08
19: Xmin=9	Xmax=10	a=2.35695937140138	KS=1.03570403364728e-08
20: Xmin=9	Xmax=10	a=2.27625617958739	KS=1.91221910528228e-08
21: Xmin=9	Xmax=10	a=2.25079424488995	KS=1.19070631132701e-08
22: Xmin=9	Xmax=10	a=2.26423233635836	KS=1.01283191833446e-08
23: Xmin=9	Xmax=10	a=2.05683506494581	KS=1.47502475789096e-08
24: Xmin=9	Xmax=10	a=2.17326124926893	KS=1.75221515075208e-09
25: Xmin=9	Xmax=10	a=2.32267931849539	KS=1.61639268636549e-08
26: Xmin=9	Xmax=10	a=2.26411201243589	KS=1.61864900372066e-08
27: Xmin=9	Xmax=10	a=2.13715086682556	KS=6.53804566042027e-10
28: Xmin=9	Xmax=10	a=2.41357487971227	KS=1.76194524525997e-08
29: Xmin=9	Xmax=10	a=2.26663880668536	KS=1.02358310716255e-09
30: Xmin=9	Xmax=10	a=2.19597456255927	KS=9.69716207332993e-09
31: Xmin=9	Xmax=10	a=2.35945689236552	KS=6.11286909979469e-10
32: Xmin=9	Xmax=10	a=2.31154374617667	KS=5.34009469976837e-09
33: Xmin=9	Xmax=10	a=2.36190411490011	KS=1.11857235696178e-08
34: Xmin=9	Xmax=10	a=2.33160125679	KS=5.08839892443547e-09
35: Xmin=9	Xmax=10	a=2.23974549802233	KS=1.04880683027275e-08
36: Xmin=9	Xmax=10	a=2.35259629324339	KS=6.96376956099698e-10
37: Xmin=9	Xmax=10	a=2.20156851245757	KS=1.08648271490708e-08
38: Xmin=9	Xmax=10	a=2.37686995609395	KS=1.81369106400098e-08
39: Xmin=9	Xmax=10	a=2.2390944158211	KS=1.71855142339083e-08
40: Xmin=9	Xmax=10	a=2.25512070128408	KS=1.00641962541559e-08
41: Xmin=9	Xmax=10	a=2.39554005656455	KS=4.63100813252737e-09
42: Xmin=9	Xmax=10	a=2.34882925191147	KS=7.97902555138563e-09
43: Xmin=9	Xmax=10	a=2.24786328296625	KS=1.54551104136758e-08
44: Xmin=9	Xmax=10	a=2.30577703801177	KS=2.11193965649059e-08
45: Xmin=9	Xmax=10	a=2.29559681582256	KS=2.30400758471916e-08
46: Xmin=9	Xmax=10	a=2.38207942869283	KS=1.97859149064783e-08
47: Xmin=9	Xmax=10	a=2.16341904322415	KS=1.98981378041196e-08
48: Xmin=9	Xmax=10	a=2.26656525684153	KS=1.52711926437732e-08
49: Xmin=9	Xmax=10	a=2.27462505263833	KS=7.0528494156008e-10
50: Xmin=9	Xmax=10	a=2.2806158833592	KS=1.26638601827267e-08
51: Xmin=9	Xmax=10	a=2.40499630148623	KS=6.60138477215355e-09
52: Xmin=9	Xmax=10	a=2.24672473056933	KS=1.60791504555391e-08
53: Xmin=9	Xmax=10	a=2.3143516866666	KS=7.10576875118107e-09
54: Xmin=9	Xmax=10	a=2.16711698379583	KS=2.67489539407251e-08
55: Xmin=9	Xmax=10	a=2.3006263449294	KS=9.3100477327468e-09
56: Xmin=9	Xmax=10	a=2.30755192665353	KS=1.6161978533269e-08
57: Xmin=9	Xmax=10	a=2.45633785509917	KS=1.75108342270747e-08
58: Xmin=9	Xmax=10	a=2.17699830554843	KS=1.81761541373504e-08
59: Xmin=9	Xmax=10	a=2.33664884652705	KS=1.13876587048978e-08
60: Xmin=9	Xmax=10	a=2.13047075445775	KS=1.11672503466664e-08
61: Xmin=9	Xmax=10	a=2.17362278585118	KS=1.27948818207102e-08
62: Xmin=9	Xmax=10	a=2.29437193436701	KS=1.58536114236441e-08
63: Xmin=9	Xmax=10	a=2.34760261752986	KS=2.12871723581642e-08
64: Xmin=9	Xmax=10	a=2.26819980554001	KS=5.61174240409912e-09
65: Xmin=9	Xmax=10	a=2.21028655093313	KS=3.16276316247865e-09
66: Xmin=9	Xmax=10	a=2.10168624405973	KS=1.64498459298557e-08
67: Xmin=9	Xmax=10	a=2.34976646071895	KS=1.28775968777362e-08
68: Xmin=9	Xmax=10	a=2.41364645672243	KS=2.23633981333293e-08
69: Xmin=9	Xmax=10	a=2.24529368027356	KS=3.39259176307394e-09
70: Xmin=9	Xmax=10	a=2.25229802232642	KS=1.33701304472211e-08
71: Xmin=9	Xmax=10	a=2.15343730669075	KS=1.2591371167936e-08
72: Xmin=9	Xmax=10	a=2.14160612069707	KS=8.89944473669857e-09
73: Xmin=9	Xmax=10	a=2.32478281963528	KS=5.23891496850837e-09
74: Xmin=9	Xmax=10	a=2.24304809152008	KS=1.00645454192971e-08
75: Xmin=9	Xmax=10	a=2.24704260236481	KS=1.9988027233353e-08
76: Xmin=9	Xmax=10	a=2.14931771441737	KS=1.87152005004521e-09
77: Xmin=9	Xmax=10	a=2.37760295692397	KS=1.77824444058672e-09
78: Xmin=9	Xmax=10	a=2.23568802702217	KS=4.64703120428567e-09
79: Xmin=9	Xmax=10	a=2.18805224216323	KS=8.86383855203121e-10
80: Xmin=9	Xmax=10	a=2.26502955706901	KS=7.29967652990382e-09
81: Xmin=9	Xmax=10	a=2.46434160378022	KS=1.73157033156457e-09
82: Xmin=9	Xmax=10	a=2.41751311462025	KS=1.40595579622982e-09
83: Xmin=9	Xmax=10	a=2.13424324153204	KS=3.53099594008199e-09
84: Xmin=9	Xmax=10	a=2.1227864235219	KS=7.48858974830569e-10
85: Xmin=9	Xmax=10	a=2.17321505930532	KS=9.48392075983406e-09
86: Xmin=9	Xmax=10	a=2.12963127526968	KS=2.1476413314403e-08
87: Xmin=9	Xmax=10	a=2.24852420931241	KS=1.30281763155438e-09
88: Xmin=9	Xmax=10	a=2.39463281156223	KS=5.79376446818713e-09
89: Xmin=9	Xmax=10	a=2.19972115081105	KS=1.14882603430289e-08
90: Xmin=9	Xmax=10	a=2.32720935204876	KS=2.26249041723747e-09
91: Xmin=9	Xmax=10	a=2.28892297689538	KS=1.19084764271804e-08
92: Xmin=9	Xmax=10	a=2.17044657646703	KS=1.12404450192116e-08
93: Xmin=9	Xmax=10	a=2.43940532511987	KS=7.00527191810352e-10
94: Xmin=9	Xmax=10	a=2.27504749565811	KS=6.09728167955126e-09
95: Xmin=9	Xmax=10	a=2.19667858121289	KS=6.14271877807937e-09
96: Xmin=9	Xmax=10	a=2.32762939150604	KS=5.13565723281317e-09
97: Xmin=9	Xmax=10	a=2.44428328621331	KS=5.90774329456423e-09
98: Xmin=9	Xmax=10	a=2.17802218043666	KS=1.0657858595664e-08
99: Xmin=9	Xmax=10	a=2.31960769297807	KS=5.44756439957439e-09
100: Xmin=9	Xmax=10	a=2.05823251467324	KS=1.56632362635634e-08
alpha avg=2.27318433242289, std=0.0927757009377965	KS avg=1.03566441944647e-08, std=6.48300771343341e-09
p-value = 0.58
===============Starting goodness-of-fit======================
range= 7-8, b/a= 1.12, sum=87979
xmin= 8.00000, xmax= 9.000000, a= 2.435, KS=0.00000
Number of set of sythetic data generated = 100
1: Xmin=9	Xmax=10	a=2.57032443836874	KS=3.96485422271553e-09
2: Xmin=9	Xmax=10	a=2.54099668478616	KS=1.17114333786361e-08
3: Xmin=9	Xmax=10	a=2.51140274912835	KS=1.00349836218427e-08
4: Xmin=9	Xmax=10	a=2.43020999570048	KS=3.28897353796265e-09
5: Xmin=9	Xmax=10	a=2.32573811429659	KS=4.40436176418757e-09
6: Xmin=9	Xmax=10	a=2.4429932339401	KS=1.3436469381567e-08
7: Xmin=9	Xmax=10	a=2.51205584015447	KS=2.62321275812383e-09
8: Xmin=9	Xmax=10	a=2.57007485733004	KS=8.37642799567107e-09
9: Xmin=9	Xmax=10	a=2.52216562256131	KS=1.51260737268899e-09
10: Xmin=9	Xmax=10	a=2.31969560707121	KS=1.04858050020695e-08
11: Xmin=9	Xmax=10	a=2.43315313205964	KS=1.73753499366214e-08
12: Xmin=9	Xmax=10	a=2.56071453972511	KS=8.04490585259998e-10
13: Xmin=9	Xmax=10	a=2.45208978692251	KS=1.23452570388594e-09
14: Xmin=9	Xmax=10	a=2.56453804840097	KS=2.54808174560139e-10
15: Xmin=9	Xmax=10	a=2.27302903752822	KS=8.14460088260915e-09
16: Xmin=9	Xmax=10	a=2.47746857342007	KS=1.14251678118293e-08
17: Xmin=9	Xmax=10	a=2.42817257240384	KS=1.41060754188516e-08
18: Xmin=9	Xmax=10	a=2.39177811576507	KS=8.00490451702274e-09
19: Xmin=9	Xmax=10	a=2.43991049843186	KS=1.46303971160222e-08
20: Xmin=9	Xmax=10	a=2.41522307672308	KS=1.73465495301173e-08
21: Xmin=9	Xmax=10	a=2.48353410774135	KS=1.95530288626955e-08
22: Xmin=9	Xmax=10	a=2.41577036963577	KS=8.76919714620783e-09
23: Xmin=9	Xmax=10	a=2.46427877149373	KS=2.05355890070535e-08
24: Xmin=9	Xmax=10	a=2.50372109095065	KS=2.17816131797832e-09
25: Xmin=9	Xmax=10	a=2.47947916206765	KS=5.98016414166125e-10
26: Xmin=9	Xmax=10	a=2.39245071021	KS=2.44720332887027e-09
27: Xmin=9	Xmax=10	a=2.3632787175217	KS=7.97765375981641e-09
28: Xmin=9	Xmax=10	a=2.54610206609705	KS=1.48673503508334e-08
29: Xmin=9	Xmax=10	a=2.31707506981627	KS=1.20929578573126e-08
30: Xmin=9	Xmax=10	a=2.38637552929313	KS=2.27339030933749e-08
31: Xmin=9	Xmax=10	a=2.35711034269681	KS=8.44395442456403e-09
32: Xmin=9	Xmax=10	a=2.48798494262272	KS=5.79066306016784e-09
33: Xmin=9	Xmax=10	a=2.23909956241424	KS=8.46227499184948e-09
34: Xmin=9	Xmax=10	a=2.35652193474595	KS=2.58531873686962e-09
35: Xmin=9	Xmax=10	a=2.3768971920345	KS=5.2593261967715e-09
36: Xmin=9	Xmax=10	a=2.41424699674617	KS=7.26894811009515e-09
37: Xmin=9	Xmax=10	a=2.42347209933321	KS=1.05908819492129e-08
38: Xmin=9	Xmax=10	a=2.49755010473589	KS=1.71201786081099e-09
39: Xmin=9	Xmax=10	a=2.42340490414095	KS=1.0047995657736e-08
40: Xmin=9	Xmax=10	a=2.43789564387816	KS=1.20403498282684e-08
41: Xmin=9	Xmax=10	a=2.43016043952447	KS=5.30236132778583e-09
42: Xmin=9	Xmax=10	a=2.45451767186081	KS=5.87131454565792e-11
43: Xmin=9	Xmax=10	a=2.48695814560072	KS=6.49027720456274e-10
44: Xmin=9	Xmax=10	a=2.35942477205725	KS=2.08774538767997e-08
45: Xmin=9	Xmax=10	a=2.36176104750244	KS=2.4503197249004e-09
46: Xmin=9	Xmax=10	a=2.61130504686738	KS=1.31392545732467e-08
47: Xmin=9	Xmax=10	a=2.36787409107573	KS=4.20566692582724e-10
48: Xmin=9	Xmax=10	a=2.38734312192763	KS=6.69870814373752e-09
49: Xmin=9	Xmax=10	a=2.55004722632485	KS=8.72312699851108e-09
50: Xmin=9	Xmax=10	a=2.35042222878584	KS=1.73169467654333e-08
51: Xmin=9	Xmax=10	a=2.45441942572023	KS=3.71870456650214e-09
52: Xmin=9	Xmax=10	a=2.50214186512453	KS=8.09706512949759e-09
53: Xmin=9	Xmax=10	a=2.42288450991825	KS=2.32566758073816e-08
54: Xmin=9	Xmax=10	a=2.21926761607426	KS=1.35930564582054e-08
55: Xmin=9	Xmax=10	a=2.48855043549343	KS=1.11388100965115e-08
56: Xmin=9	Xmax=10	a=2.50291378637126	KS=1.32933076768538e-08
57: Xmin=9	Xmax=10	a=2.49633281061543	KS=3.05706127079475e-09
58: Xmin=9	Xmax=10	a=2.29726796886312	KS=6.24558960105048e-10
59: Xmin=9	Xmax=10	a=2.36286452631187	KS=1.87804782836309e-08
60: Xmin=9	Xmax=10	a=2.42626152109216	KS=4.34705949015068e-09
61: Xmin=9	Xmax=10	a=2.48128207047319	KS=2.63279176238029e-09
62: Xmin=9	Xmax=10	a=2.2916884620364	KS=5.98207505753123e-09
63: Xmin=9	Xmax=10	a=2.45525946663648	KS=1.68984459758548e-08
64: Xmin=9	Xmax=10	a=2.37318608904953	KS=4.14271816850942e-09
65: Xmin=9	Xmax=10	a=2.4173948372352	KS=1.7638702387579e-08
66: Xmin=9	Xmax=10	a=2.47337964080475	KS=3.1900776464866e-09
67: Xmin=9	Xmax=10	a=2.38350599973587	KS=1.93036665541158e-08
68: Xmin=9	Xmax=10	a=2.54543704312515	KS=2.74883960038608e-09
69: Xmin=9	Xmax=10	a=2.27376295689676	KS=6.60074594982518e-09
70: Xmin=9	Xmax=10	a=2.26068005532161	KS=6.45998166071138e-09
71: Xmin=9	Xmax=10	a=2.50954537409743	KS=1.10989658574923e-08
72: Xmin=9	Xmax=10	a=2.40408808798612	KS=5.88452064853584e-10
73: Xmin=9	Xmax=10	a=2.57182534754523	KS=1.4464737851938e-08
74: Xmin=9	Xmax=10	a=2.33236848330524	KS=8.82960626835683e-09
75: Xmin=9	Xmax=10	a=2.35660151172879	KS=1.08443148905124e-08
76: Xmin=9	Xmax=10	a=2.29267324750028	KS=1.70160173729172e-08
77: Xmin=9	Xmax=10	a=2.2640374442833	KS=7.74732256125787e-09
78: Xmin=9	Xmax=10	a=2.42825874802921	KS=1.81086556860777e-09
79: Xmin=9	Xmax=10	a=2.47549548631922	KS=4.72172834165008e-09
80: Xmin=9	Xmax=10	a=2.41468896810856	KS=1.73336058839624e-08
81: Xmin=9	Xmax=10	a=2.38848630081486	KS=2.08214797625672e-08
82: Xmin=9	Xmax=10	a=2.39649364422194	KS=1.05310541398396e-08
83: Xmin=9	Xmax=10	a=2.48327732571068	KS=1.77251189281691e-08
84: Xmin=9	Xmax=10	a=2.36201115440968	KS=2.54995602411157e-09
85: Xmin=9	Xmax=10	a=2.39358602745505	KS=2.88096324574383e-10
86: Xmin=9	Xmax=10	a=2.40028709694392	KS=9.36101707260661e-09
87: Xmin=9	Xmax=10	a=2.43732215567462	KS=1.4347867338671e-08
88: Xmin=9	Xmax=10	a=2.51851533790279	KS=9.65371937944326e-09
89: Xmin=9	Xmax=10	a=2.44413556817738	KS=2.56651055963175e-09
90: Xmin=9	Xmax=10	a=2.329641387089	KS=7.49213957540462e-09
91: Xmin=9	Xmax=10	a=2.59511779976021	KS=1.80418028294937e-08
92: Xmin=9	Xmax=10	a=2.29011905211344	KS=1.35361174491422e-08
93: Xmin=9	Xmax=10	a=2.63433281472786	KS=8.38480285203502e-09
94: Xmin=9	Xmax=10	a=2.47110728275603	KS=2.4821136257458e-09
95: Xmin=9	Xmax=10	a=2.45889340142568	KS=1.36540324602308e-08
96: Xmin=9	Xmax=10	a=2.38327535108303	KS=2.11176059972118e-08
97: Xmin=9	Xmax=10	a=2.39546112936929	KS=6.06928629576231e-09
98: Xmin=9	Xmax=10	a=2.46670271966886	KS=1.75453040984763e-08
99: Xmin=9	Xmax=10	a=2.42343091771848	KS=1.64418718640036e-08
100: Xmin=9	Xmax=10	a=2.42321025714491	KS=6.94756596697488e-09
alpha avg=2.42781268144391, std=0.0862744040442833	KS avg=9.22275171344467e-09, std=6.3357177587839e-09
p-value = 0.67
===============Starting goodness-of-fit======================
range= 8-1408, b/a= inf, sum=293334
xmin= 9.00000, xmax= inf, a= 2.238, KS=0.00219
Number of set of sythetic data generated = 100
1: Xmin=9	Xmax=242530	a=2.24460901630536	KS=0.00111924315921835
2: Xmin=11	Xmax=4983263	a=2.23812240340027	KS=0.000828161344847533
3: Xmin=9	Xmax=387823	a=2.24029231743244	KS=0.0011952295648916
4: Xmin=9	Xmax=513495	a=2.23593840617262	KS=0.000609593636650252
5: Xmin=14	Xmax=387994	a=2.23814014517257	KS=0.000906454014783925
6: Xmin=47	Xmax=274679	a=2.2340200614577	KS=0.00164726695020667
7: Xmin=9	Xmax=283400	a=2.23777802379058	KS=0.0011219858796242
8: Xmin=9	Xmax=42847	a=2.2380871739582	KS=0.000813525486206168
9: Xmin=21	Xmax=380549	a=2.22909283411592	KS=0.00192440698202068
10: Xmin=9	Xmax=211029	a=2.23713388003891	KS=0.00101446572918928
11: Xmin=9	Xmax=1005125	a=2.23826279308436	KS=0.000738849215449422
12: Xmin=13	Xmax=93558	a=2.24089504710857	KS=0.00107931584562289
13: Xmin=9	Xmax=132752	a=2.23907416155904	KS=0.000643485153237089
14: Xmin=10	Xmax=259441	a=2.23702413724356	KS=0.0012562579353832
15: Xmin=9	Xmax=237633	a=2.24044613294944	KS=0.000857510632684577
16: Xmin=9	Xmax=272108	a=2.23908052689455	KS=0.000848005432504739
17: Xmin=12	Xmax=240774	a=2.236933412951	KS=0.00110080274085246
18: Xmin=10	Xmax=234992	a=2.23976480366074	KS=0.0011418827382032
19: Xmin=9	Xmax=270148	a=2.23924450125078	KS=0.000577365307623645
20: Xmin=9	Xmax=2203988	a=2.23405856192911	KS=0.00112523350728233
21: Xmin=9	Xmax=262518	a=2.24091992619234	KS=0.000878480863450964
22: Xmin=9	Xmax=145975	a=2.2394207548661	KS=0.00114841166838364
23: Xmin=9	Xmax=168199	a=2.23795910180081	KS=0.000919466667190338
24: Xmin=9	Xmax=388566	a=2.23935054661466	KS=0.000689926487198678
25: Xmin=9	Xmax=175278	a=2.23896420527611	KS=0.000548133529520767
26: Xmin=9	Xmax=357894	a=2.23583219810001	KS=0.000851705406100023
27: Xmin=9	Xmax=85452	a=2.23899466325006	KS=0.00118132943575255
28: Xmin=9	Xmax=278987	a=2.2407513404148	KS=0.00114284238786155
29: Xmin=9	Xmax=839355	a=2.23549462336584	KS=0.000520806694830733
30: Xmin=9	Xmax=376179	a=2.24218042740504	KS=0.000790459608237204
31: Xmin=10	Xmax=187900	a=2.2428612694554	KS=0.00121581016524175
32: Xmin=9	Xmax=146087	a=2.24128110360048	KS=0.00101170795210742
33: Xmin=9	Xmax=191552	a=2.23555398311087	KS=0.00138649305495342
34: Xmin=14	Xmax=100612	a=2.24285952704798	KS=0.00143070663209943
35: Xmin=10	Xmax=1953985	a=2.23413842190464	KS=0.00104997482141223
36: Xmin=9	Xmax=1271272	a=2.24121289310487	KS=0.00120301481427687
37: Xmin=10	Xmax=302751	a=2.2435426897879	KS=0.000696631909904433
38: Xmin=9	Xmax=493264	a=2.23719662837524	KS=0.000889938797136725
39: Xmin=12	Xmax=388564	a=2.23937045601278	KS=0.000864486774039497
40: Xmin=9	Xmax=213026	a=2.23686996371057	KS=0.00095424229763541
41: Xmin=9	Xmax=333160	a=2.23535210294874	KS=0.000716201389050597
42: Xmin=9	Xmax=268935	a=2.23728552649832	KS=0.00115476658154032
43: Xmin=9	Xmax=200933	a=2.2412818918887	KS=0.00114663607664289
44: Xmin=9	Xmax=140017	a=2.23837908127273	KS=0.000874885334710918
45: Xmin=11	Xmax=126290	a=2.23686978349848	KS=0.00138264948519745
46: Xmin=10	Xmax=3477352	a=2.23975522311982	KS=0.00102946919578784
47: Xmin=9	Xmax=185763	a=2.23605023267805	KS=0.00107285625143883
48: Xmin=10	Xmax=256732	a=2.23921737615138	KS=0.000803796134355717
49: Xmin=9	Xmax=248863	a=2.23606923763124	KS=0.000959953776394573
50: Xmin=9	Xmax=508762	a=2.23866048165344	KS=0.00103825900218701
51: Xmin=14	Xmax=147317	a=2.2445472508659	KS=0.000875312772895209
52: Xmin=9	Xmax=960510	a=2.23297767536176	KS=0.000850464617946356
53: Xmin=9	Xmax=364448	a=2.23889648302747	KS=0.0011664585658604
54: Xmin=12	Xmax=1117242	a=2.23333599007613	KS=0.000796818219296169
55: Xmin=9	Xmax=738923	a=2.24083041353067	KS=0.00135837182916931
56: Xmin=18	Xmax=253602	a=2.24582871595234	KS=0.000852785612280305
57: Xmin=9	Xmax=96124	a=2.23922420095458	KS=0.000904423672161925
58: Xmin=15	Xmax=335399	a=2.2332066887711	KS=0.000990808716603508
59: Xmin=9	Xmax=440686	a=2.23599715944613	KS=0.00127592799310688
60: Xmin=13	Xmax=120956	a=2.23971063560814	KS=0.00121515844497444
61: Xmin=20	Xmax=186582	a=2.24102076961083	KS=0.000997587646915821
62: Xmin=9	Xmax=264938	a=2.23731046521967	KS=0.000986302953694507
63: Xmin=11	Xmax=433361	a=2.24091705630192	KS=0.000711156073155972
64: Xmin=13	Xmax=325964	a=2.23552204937268	KS=0.000976964368913869
65: Xmin=9	Xmax=1429825	a=2.23948667741124	KS=0.000965630205897128
66: Xmin=9	Xmax=136488	a=2.24147896298515	KS=0.000926443983617131
67: Xmin=9	Xmax=164041	a=2.2382510525114	KS=0.00101879795495025
68: Xmin=9	Xmax=289819	a=2.23623082173216	KS=0.00143348910625274
69: Xmin=9	Xmax=186325	a=2.24158896850355	KS=0.00123416437652024
70: Xmin=9	Xmax=207228	a=2.24239624729223	KS=0.000726614325793795
71: Xmin=9	Xmax=550536	a=2.23705857776817	KS=0.00146762471750184
72: Xmin=9	Xmax=623315	a=2.23764310223929	KS=0.00101637950243788
73: Xmin=16	Xmax=1318512	a=2.24272295593947	KS=0.000959985342530251
74: Xmin=9	Xmax=290282	a=2.23654455694823	KS=0.000845818071604776
75: Xmin=9	Xmax=640963	a=2.23988132739339	KS=0.00103621104142959
76: Xmin=9	Xmax=142680	a=2.24120492592644	KS=0.00130833705931982
77: Xmin=9	Xmax=844232	a=2.23986251309762	KS=0.000800479057380343
78: Xmin=9	Xmax=1081365	a=2.23383864603694	KS=0.000570721289391535
79: Xmin=14	Xmax=110069	a=2.23912496153277	KS=0.00165184851359762
80: Xmin=12	Xmax=713755	a=2.23823259413234	KS=0.000998632478720785
81: Xmin=9	Xmax=1130647	a=2.23740678683119	KS=0.000806012349024721
82: Xmin=15	Xmax=212206	a=2.23651635273209	KS=0.00129676362340492
83: Xmin=11	Xmax=371290	a=2.23782977431222	KS=0.00143483162373437
84: Xmin=9	Xmax=65969	a=2.24225901241342	KS=0.000917666552470275
85: Xmin=9	Xmax=1053103	a=2.23769043792599	KS=0.000693015847568423
86: Xmin=9	Xmax=156462	a=2.24146342764546	KS=0.00128690364727202
87: Xmin=9	Xmax=763132	a=2.23925885190086	KS=0.000955199536900819
88: Xmin=9	Xmax=218403	a=2.23914654816177	KS=0.00104516580632141
89: Xmin=9	Xmax=368860	a=2.23467151993661	KS=0.00143455464659548
90: Xmin=22	Xmax=200105	a=2.2295031934032	KS=0.00145845220554863
91: Xmin=9	Xmax=333524	a=2.23632663426094	KS=0.00130206821396028
92: Xmin=12	Xmax=221297	a=2.23816010047803	KS=0.000675159377945156
93: Xmin=9	Xmax=14655152	a=2.23983907242448	KS=0.000787010641607577
94: Xmin=9	Xmax=306292	a=2.23666956662101	KS=0.000852741438052834
95: Xmin=9	Xmax=221332	a=2.23825607780042	KS=0.00128010763085407
96: Xmin=12	Xmax=604809	a=2.23648031125845	KS=0.00111389294530517
97: Xmin=9	Xmax=101207	a=2.2373470649624	KS=0.00101553006833621
98: Xmin=9	Xmax=102905	a=2.23825591688374	KS=0.000823664731056772
99: Xmin=9	Xmax=156833	a=2.23672957280809	KS=0.000881741715736295
100: Xmin=9	Xmax=143378	a=2.23561974438015	KS=0.000836778234143354
alpha avg=2.23835976413903, std=0.00292222010788849	KS avg=0.00101920063800881, std=0.000261275504040749
p-value = 0
