Analyze with upper bound?[n]Build multiple models?[n]What's the threshold of p-value?[0.05]Allow Early Termination?[n]xmax=inf	_xmin=27801	a=11.3422629824969	D=0.499628058720654	p=0.09
xmax=inf	_xmin=26536	a=11.4696981843259	D=0.332938864194678	p=0.38
xmax=inf	_xmin=22408	a=6.03888298326841	D=0.249775155458755	p=0.59
xmax=inf	_xmin=12082	a=2.53151103081801	D=0.211753139413368	p=0.56
xmax=inf	_xmin=8912	a=2.25353350549824	D=0.188517330191649	p=0.64
xmax=inf	_xmin=8746	a=2.42876197058738	D=0.259050461682071	p=0.23
xmax=inf	_xmin=8535	a=2.57779640235891	D=0.308906865172812	p=0.14
xmax=inf	_xmin=8492	a=2.76096626806719	D=0.362762380636573	p=0.03
xmax=inf	_xmin=8366	a=2.90641913765102	D=0.386255431844331	p=0.01
xmax=inf	_xmin=8359	a=3.09369584153038	D=0.419725786698398	p=0
xmax=inf	_xmin=8334	a=3.26977090411038	D=0.441923695549506	p=0
xmax=inf	_xmin=8113	a=3.49531438877737	D=0.433680158692	p=0
xmax=inf	_xmin=7314	a=3.47859562135054	D=0.334787523683638	p=0.01
xmax=inf	_xmin=7094	a=3.43214851498238	D=0.310799032480275	p=0
xmax=inf	_xmin=6401	a=3.04805694165506	D=0.25759673502428	p=0.03
xmax=inf	_xmin=6154	a=2.99004287288539	D=0.240366485304681	p=0.01
xmax=inf	_xmin=6047	a=3.01446952000259	D=0.230416805021541	p=0.08
xmax=inf	_xmin=6001	a=3.07411216954896	D=0.22280098075582	p=0.03
xmax=inf	_xmin=5995	a=3.1597931936663	D=0.216269621871043	p=0.04
xmax=inf	_xmin=5936	a=3.20271188348861	D=0.208440053350465	p=0.03
xmax=inf	_xmin=5436	a=2.91885715798764	D=0.194866280357683	p=0.05
xmax=inf	_xmin=5435	a=2.99194256492537	D=0.188108943654118	p=0.08
xmax=inf	_xmin=5361	a=3.01078959097284	D=0.181202124653052	p=0.06
xmax=inf	_xmin=5278	a=3.15845940617237	D=0.161407908708726	p=0.11
xmax=inf	_xmin=5199	a=3.15782532010173	D=0.156218837069115	p=0.1
xmax=inf	_xmin=4879	a=2.95696082251738	D=0.155979421459285	p=0.11
xmax=inf	_xmin=4863	a=3.00337120555166	D=0.149993561834331	p=0.13
xmax=inf	_xmin=4852	a=3.05296673820557	D=0.144064444637342	p=0.14
xmax=inf	_xmin=4851	a=3.11071690349197	D=0.138009917169101	p=0.13
xmax=inf	_xmin=4834	a=3.15337700918291	D=0.13263755895159	p=0.19
xmax=inf	_xmin=4749	a=3.13017908987645	D=0.129948469948212	p=0.19
xmax=inf	_xmin=4693	a=3.18700012548331	D=0.120873729039012	p=0.24
xmax=inf	_xmin=4639	a=3.18631923126875	D=0.117883363508741	p=0.32
xmax=inf	_xmin=4623	a=3.27575052615769	D=0.139958959341656	p=0.07
xmax=inf	_xmin=4525	a=3.22038242140363	D=0.118319446219784	p=0.2
xmax=inf	_xmin=4517	a=3.26194483075178	D=0.128462983984088	p=0.15
xmax=inf	_xmin=4459	a=3.24651933215679	D=0.120867502545729	p=0.21
xmax=inf	_xmin=4433	a=3.2655766917346	D=0.123536295723872	p=0.13
xmax=inf	_xmin=4417	a=3.29496561770817	D=0.12882323833148	p=0.09
xmax=inf	_xmin=4410	a=3.33426725110071	D=0.136389409999124	p=0.09
xmax=inf	_xmin=4400	a=3.36933568023864	D=0.142431335388753	p=0.08
xmax=inf	_xmin=4343	a=3.34427673672468	D=0.133394362232853	p=0.15
xmax=inf	_xmin=4305	a=3.34197546257658	D=0.130159459531196	p=0.09
xmax=inf	_xmin=4288	a=3.36508237963201	D=0.13268869822777	p=0.1
xmax=inf	_xmin=4278	a=3.3964592223016	D=0.136793957334034	p=0.02
xmax=inf	_xmin=4240	a=3.38972247881974	D=0.132812920767941	p=0.04
xmax=inf	_xmin=4220	a=3.40597143823836	D=0.133505857506378	p=0.05
xmax=inf	_xmin=4214	a=3.440567117912	D=0.137563995644604	p=0.05
xmax=inf	_xmin=4187	a=3.445010795804	D=0.135894353646028	p=0.05
xmax=inf	_xmin=4149	a=3.43291393835424	D=0.131406845484705	p=0.05
xmax=inf	_xmin=4148	a=3.47268717865258	D=0.135712181587317	p=0.06
xmax=inf	_xmin=4090	a=3.42929135532208	D=0.126529692668555	p=0.06
xmax=inf	_xmin=4084	a=3.46032829475553	D=0.129096304915811	p=0.04
xmax=inf	_xmin=3884	a=3.2250860000763	D=0.0937610437336989	p=0.2
xmax=inf	_xmin=3857	a=3.2258408609708	D=0.092323766755346	p=0.29
xmax=inf	_xmin=3828	a=3.22325644828601	D=0.0905131867129693	p=0.28
xmax=inf	_xmin=3824	a=3.25221466371022	D=0.092527110442377	p=0.26
xmax=inf	_xmin=3821	a=3.31634799647954	D=0.0967945691285539	p=0.23
xmax=inf	_xmin=3784	a=3.29858633281774	D=0.0934799128870537	p=0.22
xmax=inf	_xmin=3773	a=3.31638641131003	D=0.0938588100553471	p=0.27
xmax=inf	_xmin=3758	a=3.32798326824021	D=0.0935840701506167	p=0.23
xmax=inf	_xmin=3733	a=3.32463517408308	D=0.0919316398659362	p=0.24
xmax=inf	_xmin=3709	a=3.41748760451441	D=0.0940466990309118	p=0.23
xmax=inf	_xmin=3680	a=3.40366765656825	D=0.0918065833129817	p=0.21
xmax=inf	_xmin=3625	a=3.34980971851387	D=0.0869945238452179	p=0.35
xmax=inf	_xmin=3608	a=3.35392131017896	D=0.0861142907287337	p=0.32
xmax=inf	_xmin=3512	a=3.24140316704274	D=0.078346253357131	p=0.39
xmax=inf	_xmin=3505	a=3.259306735103	D=0.0783361782904385	p=0.3
xmax=inf	_xmin=3479	a=3.24934658066487	D=0.0768278295300678	p=0.43
xmax=inf	_xmin=3444	a=3.22613069618295	D=0.0747344804255167	p=0.35
xmax=inf	_xmin=3410	a=3.20425243504732	D=0.0728134402439496	p=0.4
xmax=inf	_xmin=3409	a=3.22904366061085	D=0.0729864603840206	p=0.47
xmax=inf	_xmin=3408	a=3.25378491645245	D=0.0730975933864976	p=0.45
xmax=inf	_xmin=3405	a=3.27546586337185	D=0.073037782666559	p=0.35
xmax=inf	_xmin=3382	a=3.26664955020171	D=0.0718754600063821	p=0.39
xmax=inf	_xmin=3336	a=3.24834515073907	D=0.0695933406302509	p=0.45
xmax=inf	_xmin=3334	a=3.29519602465074	D=0.0692379595032467	p=0.48
xmax=inf	_xmin=3311	a=3.28384278255662	D=0.0682148157048271	p=0.45
xmax=inf	_xmin=3289	a=3.27376686124473	D=0.0672621352902141	p=0.46
xmax=inf	_xmin=3279	a=3.28214398820023	D=0.0666856640622004	p=0.51
xmax=inf	_xmin=3276	a=3.30135005043515	D=0.0662814596761281	p=0.44
xmax=inf	_xmin=3255	a=3.29139676209875	D=0.0654367823599641	p=0.5
xmax=inf	_xmin=3235	a=3.2827673246294	D=0.0646437862904067	p=0.53
xmax=inf	_xmin=3234	a=3.30442595548865	D=0.0641978311846524	p=0.52
xmax=inf	_xmin=3220	a=3.3046502846831	D=0.0635397367673408	p=0.5
xmax=inf	_xmin=3192	a=3.2817540619404	D=0.0627358920544436	p=0.57
xmax=inf	_xmin=3166	a=3.26211576917723	D=0.062002705548728	p=0.58
xmax=inf	_xmin=3121	a=3.21262207784878	D=0.0612124527853798	p=0.59
xmax=inf	_xmin=3110	a=3.21677554446556	D=0.0606153994957292	p=0.47
xmax=inf	_xmin=3097	a=3.21748884099992	D=0.0600227461697798	p=0.54
xmax=inf	_xmin=3096	a=3.23699791755461	D=0.0594145987125866	p=0.54
xmax=inf	_xmin=3035	a=3.16184353593051	D=0.0590617161108902	p=0.73
xmax=inf	_xmin=3026	a=3.16811825663389	D=0.0584729706767845	p=0.62
xmax=inf	_xmin=3022	a=3.18192763263341	D=0.0578414890062616	p=0.62
xmax=inf	_xmin=3021	a=3.20034881727133	D=0.0571677122320948	p=0.61
xmax=inf	_xmin=3019	a=3.25704641851333	D=0.0550471058300226	p=0.59
xmax=inf	_xmin=3018	a=3.43491767300727	D=0.11677026735636	p=0
xmax=inf	_xmin=3017	a=3.49275614185603	D=0.13646999575764	p=0
xmax=inf	_xmin=3014	a=3.54620783031034	D=0.153524441964938	p=0
xmax=inf	_xmin=3006	a=3.62759752609608	D=0.177359391684908	p=0
xmax=inf	_xmin=2979	a=3.66177736632316	D=0.182976506766034	p=0
xmax=inf	_xmin=2925	a=3.6628824891696	D=0.174819724361372	p=0
xmax=inf	_xmin=2777	a=3.44766358846985	D=0.106519910033959	p=0.01
xmax=inf	_xmin=2767	a=3.44219117881685	D=0.10441427517084	p=0
xmax=inf	_xmin=2743	a=3.40692920287535	D=0.094926570852808	p=0
xmax=inf	_xmin=2727	a=3.4041913163476	D=0.0930247888007957	p=0.02
xmax=inf	_xmin=2695	a=3.35281364908092	D=0.105683595707824	p=0.02
xmax=inf	_xmin=2665	a=3.30702019666374	D=0.117132639439304	p=0
xmax=inf	_xmin=2649	a=3.28979821623303	D=0.120848544289222	p=0
xmax=inf	_xmin=2646	a=3.31256148540267	D=0.113644185654386	p=0
xmax=inf	_xmin=2636	a=3.33508112785796	D=0.106123643156995	p=0.01
xmax=inf	_xmin=2634	a=3.34515584453518	D=0.103080783935118	p=0.01
xmax=inf	_xmin=2625	a=3.34057174098993	D=0.103554285739579	p=0.01
xmax=inf	_xmin=2606	a=3.31529113911028	D=0.108804109333445	p=0
xmax=inf	_xmin=2601	a=3.33263270145768	D=0.103632660395301	p=0
xmax=inf	_xmin=2579	a=3.31417824215166	D=0.10647546988842	p=0
xmax=inf	_xmin=2560	a=3.31488298234141	D=0.104514056212119	p=0
xmax=inf	_xmin=2478	a=3.2003294625168	D=0.124573531601848	p=0
xmax=inf	_xmin=2383	a=3.08020139564716	D=0.142270574750003	p=0
xmax=inf	_xmin=2321	a=3.05706587495274	D=0.1402636371182	p=0
xmax=inf	_xmin=2289	a=3.07204125303043	D=0.13318588491538	p=0
xmax=inf	_xmin=2232	a=3.08610723630023	D=0.124112371551947	p=0
xmax=inf	_xmin=2123	a=2.97402339873252	D=0.129454625225708	p=0
xmax=inf	_xmin=2029	a=2.90623275406207	D=0.128069927905684	p=0
xmax=inf	_xmin=1967	a=2.92729960624609	D=0.11797391597034	p=0
xmax=inf	_xmin=1899	a=2.91116535493928	D=0.112213325423451	p=0
xmax=inf	_xmin=1829	a=2.86826459485212	D=0.108232343359293	p=0
xmax=inf	_xmin=1717	a=2.7687134792339	D=0.103687666013539	p=0
xmax=inf	_xmin=1659	a=2.76577289823894	D=0.0975888101444584	p=0
xmax=inf	_xmin=1610	a=2.77581457624223	D=0.091966540622986	p=0
xmax=inf	_xmin=1523	a=2.7096428564951	D=0.0854872390995027	p=0
xmax=inf	_xmin=1487	a=2.72972222514552	D=0.0817034048907646	p=0
xmax=inf	_xmin=1450	a=3.02755712504337	D=0.143840996604895	p=0
xmax=inf	_xmin=1389	a=2.95465354801395	D=0.108232724501849	p=0
xmax=inf	_xmin=1332	a=2.90495535797088	D=0.0851316124206226	p=0
xmax=inf	_xmin=1255	a=2.79746487982543	D=0.0860480785907508	p=0
xmax=inf	_xmin=1197	a=2.7547405453678	D=0.0924307464092674	p=0
xmax=inf	_xmin=1137	a=2.71298685421527	D=0.0971482411781094	p=0
xmax=inf	_xmin=1100	a=2.7147991363941	D=0.0912301440983116	p=0
xmax=inf	_xmin=1049	a=2.67870456546641	D=0.0925117531812574	p=0
xmax=inf	_xmin=992	a=2.61009229433874	D=0.0981274243158474	p=0
xmax=inf	_xmin=949	a=2.62692683406511	D=0.0885559189530545	p=0
xmax=inf	_xmin=906	a=2.61988139509203	D=0.0830919075451367	p=0
xmax=inf	_xmin=857	a=2.57385766287385	D=0.0813636095648232	p=0
xmax=inf	_xmin=808	a=2.52209992042353	D=0.0788537219889891	p=0
xmax=inf	_xmin=764	a=2.47591035478389	D=0.0762023963772531	p=0
xmax=inf	_xmin=729	a=2.5459667643078	D=0.0668770262766143	p=0
xmax=inf	_xmin=686	a=2.52196755478516	D=0.0611030186048515	p=0
xmax=inf	_xmin=649	a=2.49317363562899	D=0.0564961436603088	p=0
xmax=inf	_xmin=611	a=2.47464082295082	D=0.0517446923960292	p=0
xmax=inf	_xmin=573	a=2.46749584481673	D=0.0473149789583223	p=0
xmax=inf	_xmin=534	a=2.44047950408974	D=0.0513145892970488	p=0
xmax=inf	_xmin=494	a=2.40987018731155	D=0.0532720446364706	p=0
xmax=inf	_xmin=454	a=2.44749089733643	D=0.0399527620168578	p=0
xmax=inf	_xmin=412	a=2.39391177911102	D=0.0463284014822598	p=0
xmax=inf	_xmin=370	a=2.46549487368865	D=0.057163929265985	p=0
xmax=inf	_xmin=327	a=2.44366675556911	D=0.0375532360322532	p=0
xmax=inf	_xmin=283	a=2.36433769269391	D=0.0457539165252278	p=0
xmax=inf	_xmin=238	a=2.32025494123544	D=0.0521523217289773	p=0
xmax=inf	_xmin=192	a=2.28825868637324	D=0.0460527441594047	p=0
xmax=inf	_xmin=145	a=2.28511410992992	D=0.0328832920076415	p=0
xmax=inf	_xmin=97	a=2.27803567968804	D=0.0194122564811797	p=0
xmax=inf	_xmin=48	a=2.26044037982298	D=0.00676114266363415	p=0.01
xmax=inf	_xmin=47	a=2.26128666828118	D=0.00665981757736878	p=0
xmax=inf	_xmin=46	a=2.25993298418367	D=0.00635487809381119	p=0.01
xmax=inf	_xmin=45	a=2.2584574098014	D=0.00604411010752848	p=0.01
xmax=inf	_xmin=44	a=2.25606627668366	D=0.00565579208603539	p=0.02
xmax=inf	_xmin=43	a=2.25538963043393	D=0.00543117517359726	p=0.03
xmax=inf	_xmin=42	a=2.25536105248672	D=0.00526796817352748	p=0.04
xmax=inf	_xmin=41	a=2.25630944467222	D=0.00519221421779803	p=0.02
xmax=inf	_xmin=40	a=2.25532437071617	D=0.00494482386415551	p=0.06
xmax=inf	_xmin=39	a=2.25523655584623	D=0.00477981305787722	p=0.06
xmax=inf	_xmin=38	a=2.25379023640147	D=0.00479131267832966	p=0.01
xmax=inf	_xmin=37	a=2.25545208391418	D=0.00448934503925447	p=0.03
xmax=inf	_xmin=36	a=2.25563753429452	D=0.00434996653210518	p=0.06
xmax=inf	_xmin=35	a=2.25767455784474	D=0.00436152994492522	p=0.03
xmax=inf	_xmin=34	a=2.2564543648557	D=0.0041045797090733	p=0.06
xmax=inf	_xmin=33	a=2.25712172554721	D=0.00400272516132605	p=0.08
xmax=inf	_xmin=32	a=2.25442262979164	D=0.00363836230905956	p=0.11
xmax=inf	_xmin=31	a=2.25298696964167	D=0.00353104228450674	p=0.12
xmax=inf	_xmin=30	a=2.25365997893298	D=0.00331841038936809	p=0.16
xmax=inf	_xmin=29	a=2.25118840658851	D=0.00366220414291235	p=0.1
xmax=inf	_xmin=28	a=2.24981016116613	D=0.00421193305305193	p=0.03
xmax=inf	_xmin=27	a=2.24746256279714	D=0.00512687992962324	p=0
xmax=inf	_xmin=26	a=2.24627934988201	D=0.00537273533190108	p=0
xmax=inf	_xmin=24	a=2.24467317507449	D=0.00536480684665325	p=0
xmax=inf	_xmin=21	a=2.2415594369241	D=0.00523074008688945	p=0
xmax=inf	_xmin=17	a=2.2380139819327	D=0.0044556592372953	p=0
xmax=inf	_xmin=12	a=2.23571184872603	D=0.00310719076556865	p=0
xmax=inf	_xmin=6	a=2.25411191828102	D=0.0053559861606518	p=0

range= 28-1408, b/a= inf, sum=66274
xmin= 29.000000, xmax= inf, a= 2.251, KS=0.00366, p-value=0.10
